Running: C:\Xilinx\14.7\ISE_DS\ISE\bin\nt64\unwrapped\fuse.exe -nodebug -prj mips.prj -o mips.exe generated_mips_test 
ISim P.20131013 (signature 0x7708f090)
Number of CPUs detected in this system: 16
Turning on mult-threading, number of parallel sub-compilation jobs: 32 
Determining compilation order of HDL files
Analyzing Verilog file "E:\COexcercise\p5\p5_strong/ALU.v" into library work
Analyzing Verilog file "E:\COexcercise\p5\p5_strong/controller.v" into library work
Analyzing Verilog file "E:\COexcercise\p5\p5_strong/DE_REG.v" into library work
Analyzing Verilog file "E:\COexcercise\p5\p5_strong/DM.v" into library work
Analyzing Verilog file "E:\COexcercise\p5\p5_strong/EM_REG.v" into library work
Analyzing Verilog file "E:\COexcercise\p5\p5_strong/FD_REG.v" into library work
Analyzing Verilog file "E:\COexcercise\p5\p5_strong/generated_mips_test.v" into library work
Analyzing Verilog file "E:\COexcercise\p5\p5_strong/GRF.v" into library work
Analyzing Verilog file "E:\COexcercise\p5\p5_strong/IFU.v" into library work
Analyzing Verilog file "E:\COexcercise\p5\p5_strong/IM.v" into library work
Analyzing Verilog file "E:\COexcercise\p5\p5_strong/mips.v" into library work
Analyzing Verilog file "E:\COexcercise\p5\p5_strong/MW_REG.v" into library work
Analyzing Verilog file "E:\COexcercise\p5\p5_strong/tb.v" into library work
Starting static elaboration
Warning: VC++ 2008 runtime libraries are not installed.
Please install the runtime libraries by running the redistributable {Install Root Dir}\common\bin\nt64\vcredist_x64.exe from the installed area.
You will need to have adminstrative privilege to run VC++ 2008 Redistributable.
