Running: C:\Xilinx\14.7\ISE_DS\ISE\bin\nt64\unwrapped\fuse.exe -intstyle ise -incremental -lib unisims_ver -lib unimacro_ver -lib xilinxcorelib_ver -o E:/COexcercise/p5/p5/tb_isim_beh.exe -prj E:/COexcercise/p5/p5/tb_beh.prj work.tb work.glbl 
ISim P.20131013 (signature 0x7708f090)
Number of CPUs detected in this system: 16
Turning on mult-threading, number of parallel sub-compilation jobs: 32 
Determining compilation order of HDL files
Analyzing Verilog file "E:/COexcercise/p5/p5/IM.v" into library work
Analyzing Verilog file "E:/COexcercise/p5/p5/MW_REG.v" into library work
Analyzing Verilog file "E:/COexcercise/p5/p5/IFU.v" into library work
Analyzing Verilog file "E:/COexcercise/p5/p5/GRF.v" into library work
Analyzing Verilog file "E:/COexcercise/p5/p5/FD_REG.v" into library work
Analyzing Verilog file "E:/COexcercise/p5/p5/EM_REG.v" into library work
Analyzing Verilog file "E:/COexcercise/p5/p5/DM.v" into library work
Analyzing Verilog file "E:/COexcercise/p5/p5/DE_REG.v" into library work
Analyzing Verilog file "E:/COexcercise/p5/p5/controller.v" into library work
Analyzing Verilog file "E:/COexcercise/p5/p5/ALU.v" into library work
Analyzing Verilog file "E:/COexcercise/p5/p5/mips.v" into library work
Analyzing Verilog file "E:/COexcercise/p5/p5/tb.v" into library work
Analyzing Verilog file "C:/Xilinx/14.7/ISE_DS/ISE//verilog/src/glbl.v" into library work
Starting static elaboration
Completed static elaboration
Compiling module IM
Compiling module IFU
Compiling module FD_REG
Compiling module controller
Compiling module GRF
Compiling module DE_REG
Compiling module ALU
Compiling module EM_REG
Compiling module DM
Compiling module MW_REG
Compiling module mips
Compiling module tb
Compiling module glbl
Time Resolution for simulation is 1ps.
Waiting for 1 sub-compilation(s) to finish...
Compiled 13 Verilog Units
Built simulation executable E:/COexcercise/p5/p5/tb_isim_beh.exe
Fuse Memory Usage: 33200 KB
Fuse CPU Usage: 155 ms
