ISim log file
Running: E:\COexcercise\p5\p5_strong\tb_isim_beh.exe -intstyle ise -gui -tclbatch isim.cmd -wdb E:/COexcercise/p5/p5_strong/tb_isim_beh.wdb 
ISim P.20131013 (signature 0x7708f090)
----------------------------------------------------------------------
WARNING:Security:42 - Your software subscription period has lapsed. Your current version of Xilinx tools will continue to function, but you no longer qualify for Xilinx software updates or new releases.


----------------------------------------------------------------------
This is a Full version of ISim.
Time resolution is 1 ps
# onerror resume
# wave add /
# run 1000 ns
Simulator is doing circuit initialization process.
Finished circuit initialization process.
                  40@00003000: $28 <= 00000000
                  50@00003004: $29 <= 00000000
                  60@00003008: $ 3 <= d9cb0000
                  70@0000300c: $11 <= 00000000
                  80@00003010: $ 3 <= 00000000
                  90@00003014: $31 <= 0000301c
                 100@00003018: $11 <= 00000010
                 110@00003020: $11 <= 0000302c
                 150@0000302c: $ 2 <= 07b40000
                 170@00003034: $ 3 <= 07b4302c
                 180@0000303c: $ 3 <= 07b41511
                 190@00003040: $ 2 <= f84c302c
                 210@00003048: $11 <= 00000000
                 220@0000304c: $11 <= 00000000
                 230@00003050: $ 3 <= 0f682a22
                 240@00003054: $ 2 <= f84c302c
                 250@00003058: $11 <= f84c302c
                 260@0000305c: $11 <= 00000000
                 265@00003060: *00000008 <= 0f682a22
                 290@00003068: $ 2 <= 07b45a4e
                 300@00003070: $11 <= 171c8470
                 310@00003074: $ 2 <= 171cc577
                 320@00003078: $ 2 <= 00000000
                 325@0000307c: *00000000 <= 0f682a22
                 340@00003080: $ 3 <= 00000000
                 350@00003084: $ 3 <= 0f682a22
                 370@0000308c: $ 3 <= ae340000
                 380@00003094: $11 <= f5820000
                 410@0000309c: $ 2 <= 51cc0000
                 420@000030a0: $11 <= 191f0000
                 430@000030a4: $11 <= c7530000
                 450@000030ac: $ 3 <= 00000000
                 460@000030b8: $ 2 <= d6900000
                 470@000030bc: $31 <= 000030c4
                 480@000030c0: $ 2 <= 00000010
                 490@000030c8: $ 2 <= 000030d4
                 530@000030d4: $11 <= 2aea0000
                 540@000030d8: $31 <= 000030e0
                 550@000030dc: $ 2 <= 00000010
                 560@000030e4: $ 2 <= 000030f0
                 600@000030f0: $ 2 <= 00000000
                 610@000030f4: $ 2 <= 00000000
                 620@000030f8: $31 <= 00003100
                 630@000030fc: $ 2 <= 00000010
                 640@00003104: $ 2 <= 00003110
                 680@00003110: $11 <= 00000000
                 685@00003114: *00000000 <= 00000000
                 700@00003118: $ 2 <= 0000f5da
                 720@00003120: $11 <= 0000f5da
                 730@00003128: $ 3 <= 4b2f0000
                 750@00003130: $ 3 <= c0fe0000
                 760@00003138: $ 2 <= 00000000
                 770@0000313c: $ 3 <= 00000000
                 790@00003144: $ 2 <= 00000000
                 800@00003150: $ 2 <= 00000000
                 810@00003154: $ 2 <= 0f682a22
                 820@00003158: $11 <= 00000000
                 830@0000315c: $ 2 <= 00000000
                 850@00003164: $ 3 <= 00000791
                 860@0000316c: $ 2 <= 00000000
                 870@00003170: $11 <= 00000000
                 880@00003174: $11 <= 00000000
                 885@00003178: *00000008 <= 00000791
                 910@00003180: $ 2 <= 00000000
                 920@0000318c: $ 2 <= 000047c6
                 930@00003190: $11 <= 00004035
                 950@00003198: $11 <= 15980000
                 960@0000319c: $11 <= 15980791
                 970@000031a0: $ 2 <= 15982797
                 990@000031a8: $ 3 <= 00003fbf
                1000@000031b0: $ 2 <= 00000000
