@00003000: $ 1 <= 0000cdc2
@00003004: $ 2 <= 00000000
@00003008: $ 1 <= 0000cdc2
@0000300c: $ 4 <= 0000960e
@00003010: $ 4 <= 00000000
@00003014: $ 5 <= 0000cdc2
@00003018: $ 5 <= 0000cdc2
@0000301c: $ 5 <= 0000cdc2
@00003020: $ 3 <= 0000efcb
@00003028: $ 5 <= 0000efcb
@0000302c: $ 4 <= ffff1035
@00003030: $ 1 <= 0000cdc2
@00003038: $ 5 <= ffff1a7f
@00003040: $ 2 <= fffe4273
@00003044: $ 3 <= ffffe841
@0000304c: $ 2 <= 0000df3e
@00003050: $ 1 <= fffef876
@00003054: $ 3 <= ffffec4d
@00003058: $ 5 <= ffff1a7f
@00003068: $ 5 <= 0000f2f1
@0000306c: $ 4 <= 0000ff3f
@00003070: $ 2 <= 0000fbf7
@00003074: $ 5 <= 0000db60
@00003078: $ 2 <= 00000000
@0000307c: $ 4 <= 0000dbec
@00003080: $ 5 <= 000013b3
@00003084: $ 4 <= 0000c2a4
@00003088: $ 2 <= ffffec4d
@00003090: $ 1 <= ffffff4f
@00003094: $ 3 <= 0000d657
@00003098: $ 5 <= 00007bfb
@0000309c: $ 3 <= 0000ea0a
@000030a4: $ 3 <= 0000dbae
@000030b0: $ 2 <= fffffc4d
@000030b4: $ 1 <= 000157a9
@000030b8: $ 5 <= 000153f6
@000030bc: $ 1 <= 000157a9
@000030c0: $ 4 <= ffff2452
@000030c4: $ 3 <= 0000dbae
@000030c8: $ 5 <= ffff2452
@000030cc: $ 5 <= fffffef7
@000030d0: $ 5 <= 00015b5c
@000030d4: $ 5 <= 00023357
@000030d8: $ 2 <= ffffff6d
@000030dc: $ 4 <= 0002f35f
@000030e0: $ 3 <= 0002f35f
@000030e4: $ 2 <= 0002f35f
@000030e8: $ 1 <= 000526b6
@000030f0: $ 1 <= fffdcca9
@000030f4: $ 2 <= 00000000
@000030f8: $ 3 <= fffdeefb
@000030fc: $ 3 <= 0002fbff
@00003100: $ 3 <= 00000000
@00003104: $ 4 <= 0002b77f
@00003108: $ 5 <= 00000000
@00003110: $ 2 <= fffd4881
@00003118: $ 5 <= ffff7bd8
@00003120: $ 4 <= 00000000
@00003124: $ 5 <= ffff7bd8
@0000312c: $ 1 <= 00000000
@00003130: $ 4 <= 0000a01c
@00003134: $ 5 <= fffffffd
@00003138: $ 3 <= 00000000
@0000313c: $ 5 <= 00008a89
@00003140: $ 1 <= 00000000
@00003144: $ 2 <= 0000cad9
@00003148: $ 2 <= 0000a01c
@0000314c: $ 4 <= 00000000
@00003150: $ 2 <= 00000000
@00003154: $ 2 <= 00000000
@00003158: $ 2 <= 0000e3fb
@0000315c: $ 4 <= 00000000
@00003160: $ 5 <= 00008a89
@00003164: $ 1 <= 00000000
@00003168: $ 5 <= 00000000
@0000316c: $ 5 <= ffff1c05
@00003170: $ 3 <= 00001e42
@00003174: $ 5 <= 0000f3fb
@0000317c: $ 2 <= 00003e76
@00003180: $ 4 <= 0000f3ff
@00003184: $ 3 <= 00001e42
@00003188: $ 5 <= 00001e42
@0000318c: $ 2 <= ffffc18a
@00003190: $ 3 <= fffff1ea
@00003194: $ 4 <= 0000f3ff
@00003198: $ 5 <= ffffa348
@0000319c: $ 2 <= fffeaf49
@000031a8: $ 1 <= 0000cd92
@000031ac: $ 5 <= 00008443
@000031b0: $ 2 <= 0000f3ff
@000031b4: $ 2 <= 00000000
@000031b8: $ 3 <= 0000bf7c
@000031bc: $ 5 <= 00007700
@000031c0: $ 1 <= 0000bf7c
@000031c4: $ 2 <= 0000bf7c
@000031c8: $ 1 <= 0001b37b
@000031d4: $ 4 <= ffffb784
@000031d8: $ 1 <= 0000bf7c
@000031dc: $ 3 <= 0001367c
@000031e0: $ 1 <= 00007762
@000031e4: $ 2 <= ffff6f08
@000031e8: $ 3 <= 00007700
@000031ec: $ 3 <= 00004f80
@000031f0: $ 2 <= 0000ee00
@000031f8: $ 5 <= 0000ee62
@00003200: $ 4 <= 00007762
@00003204: $ 3 <= 0000ef8e
@00003208: $ 3 <= 00016562
@0000320c: $ 5 <= 0000ffee
@00003210: $ 3 <= ffff1200
@00003214: $ 1 <= 00007762
@00003218: $ 2 <= 0001dc00
@00003224: $ 3 <= 0000ffee
@00003228: $ 2 <= 00000000
@0000322c: $ 5 <= 00007762
@00003234: $ 2 <= 00003c57
@00003238: $ 3 <= 00007762
@00003244: $ 3 <= 0000eec4
@00003248: $ 2 <= 00007f72
@0000324c: $ 1 <= 00000000
@00003250: $ 5 <= 00000000
@00003254: $ 3 <= 0000ffdc
@00003258: $ 5 <= 00007762
@0000325c: $ 1 <= 00001293
@00003264: $ 4 <= ffffed6d
@00003268: $ 5 <= 0000f7f7
@0000326c: $ 4 <= 0000e564
@00003270: $ 4 <= 0001126f
@00003274: $ 1 <= 00012502
@00003278: $ 3 <= ffffd2f5
@0000327c: $ 2 <= 0001a474
@00003280: $ 3 <= 0002b6e3
@00003284: $ 3 <= 000127fe
@00003288: $ 2 <= 00023a6d
@0000328c: $ 4 <= fffdc593
@00003290: $ 3 <= fffdf7b3
@00003294: $ 2 <= fffdcfb7
@00003298: $ 1 <= 0001ad2e
@0000329c: $ 4 <= 00000954
@000032a0: $ 1 <= 00000000
@000032a4: $ 4 <= 0000ed9a
@000032a8: $ 1 <= 0000e8ca
@000032ac: $ 5 <= fffdf7b3
@000032b0: $ 3 <= 0000ed9a
@000032b4: $ 2 <= fffee54d
@000032b8: $ 5 <= 0000ffbe
@000032bc: $ 2 <= 0001d664
@000032c0: $ 4 <= 0000ed9a
@000032c4: $ 5 <= 0001e888
@000032c8: $ 4 <= 0000eccb
@000032cc: $ 4 <= 0000eccb
@000032d4: $ 5 <= 0001db34
@000032d8: $ 1 <= 0000e8ca
@000032dc: $ 3 <= 0000efff
@000032e0: $ 4 <= 0001ff7f
@000032e4: $ 4 <= ffffdbb5
@000032e8: $ 5 <= 0000fafa
@000032ec: $ 3 <= ffff199b
@000032f0: $ 1 <= ffffdbb5
@000032f4: $ 1 <= ffffdbb5
@000032f8: $ 4 <= 0000fafa
@000032fc: $ 3 <= fffd4337
@00003300: $ 2 <= 0000d6af
@00003304: $ 1 <= 0000ffff
@0000330c: $ 5 <= 0000ffff
@00003310: $ 3 <= 00000000
@00003314: $ 5 <= 0001faf9
@00003318: $ 3 <= 0002faf8
@0000331c: $ 2 <= 0000ffff
@00003320: $ 1 <= 00000000
@00003324: $ 3 <= 0000fafa
@00003330: $ 3 <= 0000ffff
@00003334: $ 5 <= 00000000
@0000333c: $ 3 <= 0000d0ed
@00003348: $ 5 <= 000047f5
@00003354: $ 3 <= 00008c71
@00003358: $ 4 <= 0000fd79
@00003360: $ 5 <= 0000e7fd
@00003364: $ 5 <= 00006330
@00003368: $ 4 <= ffff0287
@0000336c: $ 4 <= 00002b07
@00003374: $ 4 <= 0000c660
@0000337c: $ 4 <= 0001632f
@00003380: $ 1 <= 00008c71
@00003384: $ 2 <= 00008c71
@00003388: $ 5 <= 00002941
@0000338c: $ 1 <= 00000000
@00003390: $ 2 <= 0000cd79
@00003394: $ 4 <= 0000bcc0
@00003398: $ 3 <= 00000000
@0000339c: $ 3 <= ffff3287
@000033a0: $ 3 <= 0000e601
@000033a4: $ 3 <= 0000bcc0
@000033a8: $ 3 <= 00001ee4
@000033b4: $ 4 <= ffff3287
@000033b8: $ 5 <= fffe650e
@000033bc: $ 3 <= 00019af2
@000033c0: $ 1 <= 0001dbf2
@000033c8: $ 5 <= 000376e4
@000033cc: $ 2 <= 00019af2
@000033d0: $ 1 <= 000376e4
@000033d8: $ 2 <= 0004445d
@000033e4: $ 4 <= 00000000
@000033e8: $ 3 <= 000376ee
@000033ec: $ 2 <= 0000f1f8
@000033f0: $ 4 <= 0006edd2
@000033f4: $ 1 <= 00000000
@000033f8: $ 2 <= 000284ec
@000033fc: $ 2 <= 000468e6
@00003400: $ 4 <= 00037eee
@00003408: $ 4 <= fffc891c
@0000340c: $ 4 <= 0003f7ef
@00003410: $ 3 <= 000376e4
@00003414: $ 5 <= 000376e4
@00003418: $ 4 <= 00037efc
@0000341c: $ 3 <= 00037efc
@00003420: $ 5 <= 0007dfca
@00003424: $ 4 <= 00006d90
@00003428: $ 2 <= 0003116c
@00003430: $ 4 <= 00006d90
@00003434: $ 2 <= 00000000
@00003438: $ 1 <= 0003116c
@0000343c: $ 1 <= 0003197e
@00003440: $ 4 <= 0003fefc
@00003448: $ 4 <= 00000000
@0000344c: $ 5 <= 000460ce
@00003450: $ 2 <= 00000000
@00003454: $ 5 <= 00037ffe
@00003458: $ 5 <= 00004371
@0000345c: $ 5 <= 0003fdff
@00003460: $ 1 <= 00077cfb
@00003464: $ 3 <= 00037efc
@00003468: $ 1 <= 00037efc
@0000346c: $ 5 <= 00000000
@00003470: $ 5 <= 0000357a
@00003478: $ 2 <= 0003b476
@0000347c: $ 2 <= 00073372
@00003484: $ 3 <= 00007a11
@00003488: $ 3 <= 0000377f
@0000348c: $ 4 <= 0000357a
@00003490: $ 1 <= 00000205
@00003494: $ 4 <= 00076af1
@00003498: $ 3 <= 00073372
@0000349c: $ 5 <= 0000040a
@000034a0: $ 3 <= 00077ff1
@000034a4: $ 5 <= 00000814
@000034ac: $ 5 <= 0000cf57
@000034b0: $ 3 <= 000781f6
@000034b4: $ 5 <= 00083a48
@000034b8: $ 5 <= fff7c7bd
@000034bc: $ 4 <= 0007effb
@000034c4: $ 2 <= 00006e05
@000034c8: $ 2 <= 000783fb
@000034cc: $ 1 <= fff7d7bd
@000034d4: $ 5 <= ffff49b3
@000034d8: $ 5 <= 000781f6
@000034e0: $ 4 <= fff7d7bf
@000034e4: $ 3 <= 000f03ec
@000034e8: $ 3 <= fff055c9
@000034ec: $ 4 <= 00000000
@000034f0: $ 5 <= 0000a411
@000034f4: $ 1 <= 0007cfff
@000034f8: $ 3 <= 0007dbff
@000034fc: $ 4 <= 00008f07
@00003500: $ 3 <= 00008f07
@00003504: $ 4 <= 00081302
@00003508: $ 3 <= 0000a411
@0000350c: $ 1 <= 0000a411
@00003510: $ 2 <= 00081302
@00003514: $ 1 <= 0000b47b
@00003518: $ 1 <= 00000000
@0000351c: $ 3 <= 00000000
@00003520: $ 5 <= ffff5bef
@00003524: $ 2 <= 00081302
@00003528: $ 2 <= 000062d5
@0000352c: $ 4 <= 000106e6
@00003530: $ 5 <= 00000000
@00003534: $ 2 <= 0000a411
@00003538: $ 5 <= ffff5bef
@00003540: $ 2 <= ffff5bef
@00003544: $ 3 <= fffef91a
@00003550: $ 2 <= 0000a411
@00003554: $ 4 <= 0000253e
@00003558: $ 1 <= ffff5bef
@0000355c: $ 3 <= fffeb7de
@00003560: $ 2 <= ffff5bef
@00003564: $ 1 <= fffeb7de
@0000356c: $ 1 <= 00004a7c
@00003570: $ 3 <= fffe13cd
@00003574: $ 5 <= ffffdac2
@00003578: $ 2 <= ffffdac2
@0000357c: $ 2 <= ffffdac2
@00003580: $ 4 <= 00003d0d
@00003584: $ 1 <= 00005b4b
@00003588: $ 5 <= 00006206
@0000358c: $ 4 <= fffe3fdd
@00003590: $ 2 <= 00000000
@00003594: $ 2 <= 00006206
@00003598: $ 5 <= fffdb1c7
@0000359c: $ 5 <= fffe9b28
@000035a0: $ 2 <= 00000000
@000035a4: $ 3 <= fffe9b28
@000035a8: $ 2 <= 00002ec2
@000035b4: $ 1 <= 00008a0d
@000035b8: $ 4 <= fffe9b28
@000035bc: $ 1 <= fffe111b
@000035c0: $ 2 <= fffefb7c
@000035c4: $ 4 <= fffcac43
@000035cc: $ 5 <= fffb476b
@000035d4: $ 3 <= 00024f39
@000035e0: $ 4 <= 00027fbb
@000035e4: $ 3 <= 0002ffff
@000035e8: $ 1 <= 0000d419
@000035f0: $ 3 <= fffc7bc1
@000035f4: $ 5 <= fffefb7c
@000035fc: $ 4 <= 00000000
@00003600: $ 1 <= 00027fbb
@00003604: $ 1 <= fffc7bc1
@0000360c: $ 2 <= 00027fbb
@00003610: $ 2 <= fffc7bc1
@00003614: $ 4 <= fffc7fdf
@0000361c: $ 5 <= fffefffc
@00003620: $ 3 <= 00000000
@00003628: $ 2 <= fffc7fdf
@0000362c: $ 4 <= fff8fba0
@00003630: $ 3 <= fffeffff
@00003634: $ 5 <= fffc7fdf
@00003638: $ 1 <= fffcffdf
@0000363c: $ 1 <= fffc7fdf
@00003640: $ 2 <= 0000adf9
@0000364c: $ 3 <= 0000adf9
@00003658: $ 3 <= fff9a999
@0000365c: $ 5 <= fffc7fdf
@00003660: $ 5 <= fff2a539
@00003664: $ 5 <= fff2a7bd
@00003668: $ 2 <= 00000000
@0000366c: $ 1 <= fffc7fdf
@00003670: $ 4 <= fff2a539
@00003674: $ 2 <= 000d5843
@00003678: $ 2 <= fff2ffbf
@0000367c: $ 2 <= fff35332
@00003684: $ 2 <= 0000ab75
@0000368c: $ 4 <= fff2ffbd
@00003690: $ 3 <= 0002d646
@00003694: $ 2 <= 000d5843
@00003698: $ 1 <= 00000000
@0000369c: $ 1 <= fff2a7bd
@000036a0: $ 4 <= 000d5843
@000036a4: $ 2 <= 0000cde7
@000036a8: $ 5 <= 00000000
@000036ac: $ 2 <= 0002f746
@000036b0: $ 1 <= 0002d7f7
@000036b4: $ 1 <= 00001f4f
@000036b8: $ 4 <= 00000000
@000036bc: $ 3 <= 00000000
@000036c0: $ 4 <= 00000000
@000036c4: $ 2 <= 0002ff6e
@000036c8: $ 5 <= 00001f4f
@000036cc: $ 4 <= 00000000
@000036d0: $ 3 <= fffd1fe1
@000036d4: $ 2 <= 00007fdf
@000036dc: $ 4 <= 00007fdf
@000036e4: $ 3 <= 00000000
@000036ec: $ 5 <= 00007fdf
@000036f0: $ 1 <= 00000000
@000036f4: $ 1 <= 00008eef
@000036fc: $ 5 <= 00007fff
@00003700: $ 4 <= 00007fff
@00003704: $ 2 <= 00007fdf
@00003708: $ 3 <= 0000ffff
@0000370c: $ 1 <= 00000f10
@00003714: $ 5 <= 00001e20
@00003718: $ 2 <= 00008020
@0000371c: $ 1 <= 0000ffff
@00003720: $ 3 <= 0000dfaa
@00003724: $ 3 <= 0000ffff
@00003728: $ 3 <= ffff0001
@0000372c: $ 1 <= 00007fff
@00003730: $ 5 <= 0001001f
@00003734: $ 2 <= 000108df
@0000373c: $ 4 <= fffe8002
@00003740: $ 2 <= 000211be
@00003744: $ 2 <= ffff0001
@00003748: $ 2 <= ffff0001
@0000374c: $ 3 <= ffff0001
@00003750: $ 5 <= 00017ffe
@00003754: $ 2 <= 00000000
@00003758: $ 5 <= fffe8002
@0000375c: $ 2 <= 00000000
@00003764: $ 1 <= ffff8001
@00003768: $ 5 <= fffe8002
@0000376c: $ 3 <= fffe8002
@00003770: $ 5 <= 00017ffe
@00003774: $ 1 <= 00000000
@00003778: $ 4 <= fffe8002
@0000377c: $ 1 <= 0000481d
@00003780: $ 1 <= 0000481d
@00003784: $ 5 <= 00000000
@00003788: $ 4 <= fffd0004
@0000378c: $ 3 <= fffd0004
@00003790: $ 2 <= 0002fffc
@00003794: $ 4 <= fffd0004
@00003798: $ 2 <= fffa0008
@0000379c: $ 1 <= fffa0008
@000037a0: $ 2 <= fffa6d0d
@000037a4: $ 5 <= 0002fffc
@000037a8: $ 1 <= fffd0004
@000037ac: $ 1 <= fffd6d09
@000037b4: $ 4 <= 0005fff8
@000037b8: $ 5 <= 00006d05
@000037bc: $ 3 <= fffdc534
@000037c0: $ 3 <= 00000000
@000037c4: $ 4 <= fffa6d0d
@000037cc: $ 1 <= fffaed9f
