Running: C:\Xilinx\14.7\ISE_DS\ISE\bin\nt64\unwrapped\fuse.exe -intstyle ise -incremental -lib unisims_ver -lib unimacro_ver -lib xilinxcorelib_ver -o E:/COexcercise/p4/P4/mipstb_isim_beh.exe -prj E:/COexcercise/p4/P4/mipstb_beh.prj mipstb work.glbl 
ISim P.20131013 (signature 0x7708f090)
Number of CPUs detected in this system: 16
Turning on mult-threading, number of parallel sub-compilation jobs: 32 
Determining compilation order of HDL files
Analyzing Verilog file "E:/COexcercise/p4/P4/IM.v" into library work
Analyzing Verilog file "E:/COexcercise/p4/P4/IFU.v" into library work
Analyzing Verilog file "E:/COexcercise/p4/P4/GRF.v" into library work
Analyzing Verilog file "E:/COexcercise/p4/P4/DM.v" into library work
Analyzing Verilog file "E:/COexcercise/p4/P4/controller.v" into library work
Analyzing Verilog file "E:/COexcercise/p4/P4/ALU.v" into library work
Analyzing Verilog file "E:/COexcercise/p4/P4/mips.v" into library work
Analyzing Verilog file "E:/COexcercise/p4/P4/mipstb.v" into library work
Analyzing Verilog file "C:/Xilinx/14.7/ISE_DS/ISE//verilog/src/glbl.v" into library work
Starting static elaboration
Completed static elaboration
Compiling module IM
Compiling module IFU
Compiling module controller
Compiling module GRF
Compiling module ALU
Compiling module DM
Compiling module mips
Compiling module mipstb
Compiling module glbl
Time Resolution for simulation is 1ps.
Compiled 9 Verilog Units
Built simulation executable E:/COexcercise/p4/P4/mipstb_isim_beh.exe
Fuse Memory Usage: 31024 KB
Fuse CPU Usage: 31 ms
