ISim log file
Running: E:\COexcercise\p4\P4\mipstb_isim_beh.exe -intstyle ise -gui -tclbatch isim.cmd -wdb E:/COexcercise/p4/P4/mipstb_isim_beh.wdb 
ISim P.20131013 (signature 0x7708f090)
----------------------------------------------------------------------
WARNING:Security:42 - Your software subscription period has lapsed. Your current version of Xilinx tools will continue to function, but you no longer qualify for Xilinx software updates or new releases.


----------------------------------------------------------------------
This is a Full version of ISim.
Time resolution is 1 ps
# onerror resume
# wave add /
# run 1000 ns
Simulator is doing circuit initialization process.
Finished circuit initialization process.
@00003000: $ 1 <= 00000000
@00003004: $ 2 <= 00000000
@0000300c: *00000e30 <= 00000000
@00003010: $ 1 <= 00000000
@00003014: $ 4 <= 00000000
@0000301c: $ 5 <= 00000000
@00003024: $ 5 <= 0000b493
@00003028: $ 1 <= 0000bcb7
@0000302c: $ 3 <= 0000b493
@00003030: $ 2 <= 00000000
@00003034: *00002550 <= 0000b493
@00003038: $ 5 <= 00000000
@0000303c: *00000580 <= 0000bcb7
@00003040: $ 1 <= 00007d6e
@00003044: *00002dac <= 00000000
@00003048: *000004f4 <= 0000b493
@0000304c: $ 2 <= 00000000
@00003050: *00002d74 <= 00000000
@00003054: $ 4 <= 0000b493
@00003058: $ 3 <= 0000beff
@0000305c: $ 5 <= 0000fadc
@00003060: $ 2 <= 00007d6e
@00003064: $ 3 <= 00000000
@00003068: $ 1 <= 0000b5b3
@0000306c: *0000016c <= 00007d6e
@00003070: $ 4 <= 00007d6e
@00003074: $ 4 <= ffff0524
@00003078: $ 2 <= 00000000
@0000307c: $ 1 <= fffe0a48
@00003080: $ 1 <= 0000eca6
@00003084: $ 5 <= fffff1ca
@00003088: $ 3 <= fffff1ca
@0000308c: $ 5 <= 0000eca6
@00003090: $ 1 <= 0000fcb6
@00003094: $ 4 <= fffffdff
@00003098: $ 3 <= fffff1df
@0000309c: $ 1 <= 00000000
@000030a0: *00002d78 <= 00000000
@000030a4: $ 4 <= ffffffff
@000030a8: *00002654 <= 0000eca6
@000030ac: $ 5 <= 00000000
@000030b0: $ 5 <= 00000000
@000030b4: $ 1 <= ffffffff
@000030b8: $ 2 <= 00000000
@000030bc: $ 1 <= ffffffff
@000030c0: $ 2 <= ffffffff
@000030c4: $ 5 <= 00000000
@000030d0: $ 1 <= 00000000
@000030d4: $ 4 <= 00000000
@000030d8: $ 2 <= 00000000
@000030dc: *0000069c <= 00000000
@000030e0: *000028d4 <= fffff1df
@000030e4: $ 1 <= 0000efba
@000030e8: *000007d4 <= 00000000
@000030ec: *000000d8 <= 00000000
@000030f0: $ 4 <= 00000000
@000030f4: $ 1 <= 00000000
@000030f8: $ 5 <= 00000000
@000030fc: *00000044 <= 00000000
@00003100: $ 4 <= 00000000
@00003104: $ 3 <= fffffbdf
@00003114: $ 1 <= 00000000
@00003118: *000003a8 <= 00000000
@0000311c: $ 4 <= 00000000
@00003120: $ 4 <= 00000000
@0000312c: *00002f58 <= fffffbdf
@00003130: *0000191c <= 00000000
@00003134: *000013fc <= fffffbdf
@00003138: *00001d00 <= 00000000
@0000313c: $ 5 <= 00000000
@00003140: *000000a0 <= fffffbdf
@00003144: $ 5 <= 00000000
@00003148: $ 5 <= 00000000
@0000314c: $ 5 <= 00000000
@00003150: $ 1 <= 00000000
@00003154: *00001900 <= 00000000
@00003158: $ 3 <= 0000ba5b
@0000315c: $ 3 <= 00000000
@00003160: $ 2 <= 00000000
@00003164: $ 2 <= 00000000
@00003170: $ 1 <= 00000000
@00003174: $ 1 <= 0000a110
@0000317c: $ 3 <= 00000000
@00003180: $ 5 <= 00006663
@00003184: $ 4 <= 000025bc
@00003188: *00002220 <= 000025bc
@0000318c: $ 4 <= ffff5ef0
# restart
# run all
Simulator is doing circuit initialization process.
Finished circuit initialization process.
@00003000: $ 1 <= 00000000
@00003004: $ 2 <= 00000000
@0000300c: *00000e30 <= 00000000
@00003010: $ 1 <= 00000000
@00003014: $ 4 <= 00000000
@0000301c: $ 5 <= 00000000
@00003024: $ 5 <= 0000b493
@00003028: $ 1 <= 0000bcb7
@0000302c: $ 3 <= 0000b493
@00003030: $ 2 <= 00000000
@00003034: *00002550 <= 0000b493
@00003038: $ 5 <= 00000000
@0000303c: *00000580 <= 0000bcb7
@00003040: $ 1 <= 00007d6e
@00003044: *00002dac <= 00000000
@00003048: *000004f4 <= 0000b493
@0000304c: $ 2 <= 00000000
@00003050: *00002d74 <= 00000000
@00003054: $ 4 <= 0000b493
@00003058: $ 3 <= 0000beff
@0000305c: $ 5 <= 0000fadc
@00003060: $ 2 <= 00007d6e
@00003064: $ 3 <= 00000000
@00003068: $ 1 <= 0000b5b3
@0000306c: *0000016c <= 00007d6e
@00003070: $ 4 <= 00007d6e
@00003074: $ 4 <= ffff0524
@00003078: $ 2 <= 00000000
@0000307c: $ 1 <= fffe0a48
@00003080: $ 1 <= 0000eca6
@00003084: $ 5 <= fffff1ca
@00003088: $ 3 <= fffff1ca
@0000308c: $ 5 <= 0000eca6
@00003090: $ 1 <= 0000fcb6
@00003094: $ 4 <= fffffdff
@00003098: $ 3 <= fffff1df
@0000309c: $ 1 <= 00000000
@000030a0: *00002d78 <= 00000000
@000030a4: $ 4 <= ffffffff
@000030a8: *00002654 <= 0000eca6
@000030ac: $ 5 <= 00000000
@000030b0: $ 5 <= 00000000
@000030b4: $ 1 <= ffffffff
@000030b8: $ 2 <= 00000000
@000030bc: $ 1 <= ffffffff
@000030c0: $ 2 <= ffffffff
@000030c4: $ 5 <= 00000000
@000030d0: $ 1 <= 00000000
@000030d4: $ 4 <= 00000000
@000030d8: $ 2 <= 00000000
@000030dc: *0000069c <= 00000000
@000030e0: *000028d4 <= fffff1df
@000030e4: $ 1 <= 0000efba
@000030e8: *000007d4 <= 00000000
@000030ec: *000000d8 <= 00000000
@000030f0: $ 4 <= 00000000
@000030f4: $ 1 <= 00000000
@000030f8: $ 5 <= 00000000
@000030fc: *00000044 <= 00000000
@00003100: $ 4 <= 00000000
@00003104: $ 3 <= fffffbdf
@00003114: $ 1 <= 00000000
@00003118: *000003a8 <= 00000000
@0000311c: $ 4 <= 00000000
@00003120: $ 4 <= 00000000
@0000312c: *00002f58 <= fffffbdf
@00003130: *0000191c <= 00000000
@00003134: *000013fc <= fffffbdf
@00003138: *00001d00 <= 00000000
@0000313c: $ 5 <= 00000000
@00003140: *000000a0 <= fffffbdf
@00003144: $ 5 <= 00000000
@00003148: $ 5 <= 00000000
@0000314c: $ 5 <= 00000000
@00003150: $ 1 <= 00000000
@00003154: *00001900 <= 00000000
@00003158: $ 3 <= 0000ba5b
@0000315c: $ 3 <= 00000000
@00003160: $ 2 <= 00000000
@00003164: $ 2 <= 00000000
@00003170: $ 1 <= 00000000
@00003174: $ 1 <= 0000a110
@0000317c: $ 3 <= 00000000
@00003180: $ 5 <= 00006663
@00003184: $ 4 <= 000025bc
@00003188: *00002220 <= 000025bc
@0000318c: $ 4 <= ffff5ef0
@00003190: $ 5 <= 00006663
@00003194: *00000088 <= 0000a110
@00003198: $ 1 <= 0000a110
@0000319c: $ 3 <= 00003aad
@000031a0: $ 5 <= 00006e7b
@000031a4: *00000670 <= 00000000
@000031a8: $ 3 <= 0000b315
@000031ac: *000010f8 <= 0000a110
@000031b0: $ 2 <= 0000b315
@000031b4: $ 1 <= 00014220
@000031b8: $ 4 <= 00000000
@000031bc: $ 4 <= 00008f0b
@000031c0: $ 1 <= 00012190
@000031c4: *00000e14 <= 00006e7b
@000031c8: *000016d4 <= 0000b315
@000031cc: $ 1 <= ffffbb66
@000031d8: $ 3 <= 00000000
@000031dc: *00001578 <= 00000000
@000031e0: *000017d8 <= 00000000
@000031e4: *00002158 <= 0000b315
@000031e8: $ 3 <= 00008f0b
@000031ec: $ 3 <= ffffbfe6
@000031f0: $ 2 <= 00000000
@000031f4: $ 1 <= fffffbe7
@000031f8: $ 5 <= 00000000
@00003204: $ 5 <= ffffbfe6
@00003208: $ 1 <= ffffbfe6
@00003210: $ 1 <= ffff7fcc
@00003214: $ 4 <= 0000401a
@00003218: $ 5 <= 0000401a
@0000321c: $ 2 <= fffeff98
@00003220: *000016a0 <= ffff7fcc
@00003224: *00000f68 <= 0000401a
@0000322c: $ 2 <= 00008034
@00003234: $ 2 <= 00000000
@00003238: $ 2 <= ffff7fcc
@0000323c: $ 4 <= ffff7fcc
@00003240: $ 4 <= 00000000
@00003244: $ 1 <= 00000000
@0000324c: $ 4 <= 00000000
@00003254: *00002a7c <= 00000000
@00003258: $ 2 <= 0000f97b
@0000325c: *0000289c <= ffffbfe6
@00003260: *00001fdc <= 0000f97b
@00003264: $ 2 <= 0000f97b
@00003268: $ 1 <= 0000a799
@00003270: $ 4 <= 00000000
@00003274: $ 5 <= 00000000
@00003278: $ 1 <= 0000e7b3
@0000327c: $ 5 <= 0001f2f6
@00003280: $ 2 <= 0000f7f3
@00003284: $ 1 <= 0001fff7
@00003288: $ 5 <= ffffbfe6
@0000328c: *0000075c <= ffffbfe6
@00003290: $ 5 <= 00004bac
@00003294: $ 1 <= fffe4bb5
@00003298: $ 3 <= 00003bbc
@0000329c: $ 5 <= fffff010
@000032a0: $ 1 <= fffe5ba5
@000032a4: $ 5 <= 0000f7f3
@000032a8: *00000b44 <= fffe5ba5
@000032ac: $ 3 <= 00003ffc
@000032b0: *00002eb0 <= 0000f7f3
@000032b4: *00002394 <= fffe5ba5
@000032b8: $ 5 <= 00000000
@000032bc: $ 2 <= fffe9ba1
@000032c0: $ 1 <= 00002852
@000032c4: $ 1 <= 0001645f
@000032c8: $ 5 <= fffe9ba1
@000032cc: *00001dc4 <= fffe9ba1
@000032d0: $ 5 <= 0001fcdf
@000032d4: $ 1 <= 00000000
@000032d8: $ 1 <= 00006214
@000032dc: $ 1 <= 00000000
@000032e0: $ 5 <= 00007253
@000032e4: *00002f94 <= 00000000
@000032e8: $ 4 <= fffe9ba1
@000032ec: $ 5 <= 00007253
@000032f0: *00002ce4 <= fffe9ba1
@000032f4: $ 2 <= fffefbf3
@000032f8: *00002200 <= 00007253
@000032fc: $ 4 <= fffe9ba1
@00003308: *00001c54 <= 00007253
@0000330c: *00001d78 <= fffefbf3
@00003310: $ 3 <= 00003ffe
@00003314: $ 5 <= 0000d704
@00003318: *00002474 <= 00000000
@0000331c: *00000fa0 <= 00003ffe
@00003320: $ 5 <= 00000000
@00003324: $ 2 <= 00000000
@00003328: *00002594 <= fffe9ba1
@0000332c: $ 5 <= 00003ffe
@00003330: $ 2 <= 00000000
@00003334: $ 3 <= 00000000
@0000333c: $ 1 <= 00000000
@00003340: $ 3 <= 00003ffe
@00003344: *00001d58 <= fffe9ba1
@00003348: *0000202c <= 00000000
@0000334c: $ 2 <= 00000000
@00003350: $ 5 <= 00007731
@00003354: $ 4 <= 000081e2
@00003358: $ 5 <= 00000000
@0000335c: $ 1 <= ffff7e1e
@00003360: *0000267c <= 000081e2
@00003364: $ 2 <= 00000000
@00003368: $ 2 <= 0000fffe
@00003370: $ 5 <= 00000000
@00003378: *00001504 <= 0000fffe
@0000337c: $ 5 <= 0000c1e0
@00003380: $ 5 <= 0000b5fe
@00003384: $ 1 <= 0000fffe
@00003388: $ 2 <= 00000000
@0000338c: $ 4 <= 00000000
@0000339c: $ 3 <= 0000fffe
@000033a8: $ 1 <= 00000000
@000033ac: *00001a94 <= 0000fffe
@000033b4: $ 2 <= 00000000
@000033b8: *0000216c <= 00000000
@000033bc: $ 3 <= 00000000
@000033c0: $ 3 <= 000013ac
@000033c4: $ 2 <= 0000ad50
@000033c8: $ 5 <= 0000955e
@000033cc: *00000554 <= 00000000
@000033d0: $ 4 <= 000013ac
@000033d4: $ 5 <= 00012abc
@000033d8: $ 2 <= 000013ac
@000033dc: *00001398 <= 000013ac
@000033e0: $ 2 <= 00000000
@000033e4: $ 1 <= 00007107
@000033e8: $ 4 <= 00000000
@000033ec: *000005e4 <= 00000000
@000033f0: $ 5 <= 00002e16
@000033f4: $ 5 <= 0000cb69
@000033f8: $ 2 <= 00000000
@000033fc: $ 5 <= 0000f7f7
@00003400: *00001a44 <= 00000000
@00003404: *000028e0 <= 000013ac
@00003408: $ 5 <= 000168fe
@0000340c: $ 4 <= 00000000
@00003410: *00001770 <= 00000000
@00003414: *000007cc <= 00000000
@00003418: $ 1 <= 00000000
@0000341c: $ 1 <= 00000000
@00003420: $ 1 <= 0000972b
@00003424: $ 5 <= 00007723
@00003428: $ 5 <= 0000972b
@0000342c: $ 1 <= 00000000
@00003430: $ 1 <= ffff68d5
@00003434: $ 4 <= 00002758
@00003438: $ 1 <= 00000000
@0000343c: *00002928 <= 000013ac
@00003440: $ 4 <= 00000000
@00003444: $ 2 <= 00000000
@0000344c: *000015bc <= 00000000
@00003450: $ 4 <= 00000000
@00003454: $ 3 <= 00000000
@00003458: *00000cf4 <= 00000000
@0000345c: $ 5 <= 0000d763
@00003460: $ 5 <= 00000000
@00003464: *000016cc <= 00000000
@0000346c: $ 3 <= 00000000
@00003470: *00002960 <= 00000000
@00003474: $ 5 <= 00000000
@00003478: $ 2 <= 00000000
@0000347c: $ 1 <= 00000000
@00003480: $ 1 <= 00000000
@00003488: $ 2 <= 0000f7b9
@0000348c: $ 4 <= 00000000
@00003490: $ 1 <= 0000f19a
@00003494: *00002774 <= 00000000
@00003498: $ 1 <= 0000f19a
@000034a0: *00000b34 <= 00000000
@000034a4: $ 1 <= 00000000
@000034a8: $ 3 <= 0000f7b9
@000034ac: $ 2 <= 00000000
@000034b0: $ 4 <= 0000f7fd
@000034b4: $ 1 <= 00000000
@000034c4: $ 3 <= 00000000
@000034c8: $ 5 <= 0000f7fd
@000034cc: $ 3 <= 0000f7ff
@000034d4: $ 2 <= 0000f7fd
@000034d8: $ 1 <= 00000000
@000034dc: $ 5 <= 0001effc
@000034e0: $ 2 <= 0000f7ff
@000034e4: *00001908 <= 0001effc
@000034e8: $ 2 <= 0000c41e
@000034ec: *000011f4 <= 00000000
@000034f4: $ 2 <= 00000000
@000034f8: $ 5 <= 00000000
@000034fc: $ 3 <= 0000ed82
@00003500: $ 4 <= 00000000
@00003504: $ 1 <= 00000000
@00003508: $ 4 <= 0000efab
@0000350c: $ 4 <= 0001dd2d
@00003510: *00001de4 <= 00000000
@00003514: $ 4 <= 00000000
@00003518: $ 3 <= 00000000
@0000351c: $ 5 <= 00000000
@00003520: $ 4 <= 0000c747
@00003524: $ 2 <= 00000000
@00003528: $ 5 <= 00000000
@0000352c: $ 4 <= 00000000
@00003530: $ 3 <= 00000000
@00003538: $ 1 <= 00000000
@0000353c: $ 3 <= 00000000
@00003540: $ 4 <= 00000000
@00003544: $ 5 <= 00000000
@00003548: $ 2 <= 00000000
@0000354c: *00002f40 <= 00000000
@00003550: *00000378 <= 00000000
@00003554: $ 5 <= 00000000
@00003558: $ 1 <= 00000000
@0000355c: $ 1 <= 00000000
@00003560: $ 4 <= 00009caf
@00003564: $ 1 <= 00001b7d
@00003568: *00001164 <= 00000000
@00003570: *000008e4 <= 00009caf
@00003574: $ 4 <= 00000000
@00003578: $ 3 <= 00007aab
@0000357c: *00000f54 <= 00001b7d
@00003584: *00001e1c <= 00000000
@00003588: $ 3 <= 00000000
@0000358c: $ 2 <= 00000000
@00003590: $ 1 <= 000040c4
@00003594: $ 3 <= ffffbf3c
@00003598: $ 3 <= 00000000
@000035a0: $ 5 <= 0000fa56
@000035a4: *00002ca8 <= 0000fa56
@000035a8: $ 1 <= 0000fbf6
@000035ac: $ 2 <= 00000000
@000035b0: $ 3 <= 00000000
@000035b4: $ 5 <= 00000000
@000035b8: $ 1 <= 00000000
@000035bc: $ 3 <= 00000000
@000035c0: $ 1 <= 00000000
@000035c4: $ 4 <= 00000000
@000035c8: $ 3 <= 00000000
@000035cc: $ 4 <= 00000000
@000035d0: $ 1 <= 00000000
@000035d4: *00000a44 <= 00000000
@000035d8: $ 5 <= 00003c19
@000035e0: *00000720 <= 00000000
@000035e4: $ 3 <= 00000000
@000035e8: $ 2 <= 00000000
@000035ec: $ 4 <= 0000a202
@000035f0: $ 1 <= 00003c19
@000035f8: $ 4 <= 00000000
@000035fc: $ 4 <= 00003c19
@00003600: $ 1 <= 00003c19
@00003604: *0000248c <= 00003c19
@00003608: $ 1 <= 00000000
@0000360c: $ 5 <= 00003c19
@00003610: $ 2 <= 00003c19
@00003618: $ 2 <= 00000000
@0000361c: $ 1 <= 00000000
@00003620: $ 1 <= 00003c19
@00003624: *00002600 <= 00000000
@00003628: $ 1 <= 00000000
@0000362c: $ 5 <= 0000bd9f
@00003634: $ 4 <= 00005fb2
@00003638: *000009cc <= 00000000
@0000363c: $ 4 <= 00000000
@00003640: $ 1 <= 00000000
@00003644: *00000a8c <= 0000bd9f
@00003648: $ 4 <= 00000000
@00003650: $ 3 <= 00000000
@00003654: $ 5 <= 00000000
@00003658: *00000088 <= 00000000
@0000365c: $ 2 <= 00000000
@00003660: $ 1 <= 00000000
@00003664: $ 1 <= 00000000
@00003668: $ 1 <= 00000000
@0000366c: *00002a08 <= 00000000
@00003670: $ 3 <= 00000000
@00003674: $ 1 <= 00000000
@00003678: $ 3 <= 0000a621
@0000367c: $ 2 <= 0000a621
@00003680: $ 5 <= 0000a621
@00003688: $ 5 <= 0000a621
@0000368c: *000012d0 <= 00000000
@00003690: $ 1 <= 0000a621
@00003694: $ 3 <= 0000ee29
@00003698: $ 4 <= 00014c42
@0000369c: $ 2 <= 0000e7eb
@000036a0: *00002b64 <= 0000e7eb
@000036a4: $ 4 <= 00018e0c
@000036a8: $ 3 <= 0000c02d
@000036ac: $ 3 <= 00000000
@000036b0: $ 5 <= 00007914
@000036b8: $ 2 <= 00000000
@000036bc: $ 3 <= 0000a621
@000036c0: $ 4 <= 00007914
@000036c8: $ 1 <= 00000000
@000036cc: $ 5 <= ffff86ec
@000036d0: $ 5 <= 00007ff6
@000036d4: *000012e4 <= 00000000
@000036d8: $ 5 <= 00000000
@000036dc: *00000d1c <= 00007914
@000036e0: $ 5 <= 00000000
@000036e4: $ 5 <= 00000000
@000036e8: $ 3 <= 00000000
@000036ec: $ 2 <= 00000000
@000036f0: $ 1 <= 000069f7
@000036f4: $ 1 <= 00000000
@000036f8: $ 5 <= 00000000
@000036fc: $ 1 <= 00008eef
@00003700: $ 5 <= 00010803
@00003704: $ 5 <= 00010803
@0000370c: $ 1 <= 00000000
@00003710: $ 4 <= 00000000
@00003714: $ 5 <= 0000e924
@00003718: $ 4 <= 0000eaf6
@0000371c: $ 1 <= 00003c2b
@00003724: $ 2 <= 00000000
@00003728: *00002f64 <= 00000000
@0000372c: *00001858 <= 00003c2b
@00003730: *00000328 <= 00003c2b
@00003734: *00002da4 <= 00000000
@00003738: $ 1 <= 0000eeff
@0000373c: $ 2 <= 0000fcb5
@00003740: *000023b0 <= 0000fcb5
@00003748: $ 1 <= 0001d41a
@0000374c: $ 5 <= 0000fbe4
@00003750: $ 5 <= 0000fcb5
@00003758: $ 3 <= 0000fcb5
@0000375c: *00001ec4 <= 0000fcb5
@00003760: *0000258c <= 0000fcb5
@00003764: *00000e30 <= 0000fcb5
@00003768: $ 2 <= 0000eaf6
@0000376c: *000016c8 <= 0000eaf6
@00003770: *00001b60 <= 0000eaf6
@00003774: $ 5 <= ffff150a
@00003778: $ 4 <= 00000000
@0000377c: $ 5 <= 0001d49f
@00003780: $ 5 <= 0000eaf6
@00003784: *0000179c <= 0000eaf6
@00003788: $ 5 <= 0001d41a
@0000378c: $ 3 <= 00000000
@00003790: $ 4 <= 0001d41a
@00003794: $ 2 <= 0002bf10
@00003798: $ 5 <= 00000000
@0000379c: $ 2 <= 000029a5
@000037a0: *00000bf0 <= 0001d41a
@000037a4: *00001e48 <= 000029a5
@000037a8: $ 2 <= 00000000
@000037b0: $ 5 <= 00000000
@000037b4: $ 2 <= 00000000
@000037b8: *000005d0 <= 00000000
@000037bc: $ 3 <= 00000000
@000037c0: $ 1 <= 00000000
@000037c4: $ 3 <= 00000000
Stopped at time : 14201855 ns : File "E:/COexcercise/p4/P4/mipstb.v" Line 66
# restart
# run all
Simulator is doing circuit initialization process.
Finished circuit initialization process.
@00003000: $ 1 <= 00000000
@00003004: $ 2 <= 00000000
@0000300c: *00000e30 <= 00000000
@00003010: $ 1 <= 00000000
@00003014: $ 4 <= 00000000
@0000301c: $ 5 <= 00000000
@00003024: $ 5 <= 0000b493
@00003028: $ 1 <= 0000bcb7
@0000302c: $ 3 <= 0000b493
@00003030: $ 2 <= 00000000
@00003034: *00002550 <= 0000b493
@00003038: $ 5 <= 00000000
@0000303c: *00000580 <= 0000bcb7
@00003040: $ 1 <= 00007d6e
@00003044: *00002dac <= 00000000
@00003048: *000004f4 <= 0000b493
@0000304c: $ 2 <= 00000000
@00003050: *00002d74 <= 00000000
@00003054: $ 4 <= 0000b493
@00003058: $ 3 <= 0000beff
@0000305c: $ 5 <= 0000fadc
@00003060: $ 2 <= 00007d6e
@00003064: $ 3 <= 00000000
@00003068: $ 1 <= 0000b5b3
@0000306c: *0000016c <= 00007d6e
@00003070: $ 4 <= 00007d6e
@00003074: $ 4 <= ffff0524
@00003078: $ 2 <= 00000000
@0000307c: $ 1 <= fffe0a48
@00003080: $ 1 <= 0000eca6
@00003084: $ 5 <= fffff1ca
@00003088: $ 3 <= fffff1ca
@0000308c: $ 5 <= 0000eca6
@00003090: $ 1 <= 0000fcb6
@00003094: $ 4 <= fffffdff
@00003098: $ 3 <= fffff1df
@0000309c: $ 1 <= 00000000
@000030a0: *00002d78 <= 00000000
@000030a4: $ 4 <= ffffffff
@000030a8: *00002654 <= 0000eca6
@000030ac: $ 5 <= 00000000
@000030b0: $ 5 <= 00000000
@000030b4: $ 1 <= ffffffff
@000030b8: $ 2 <= 00000000
@000030bc: $ 1 <= ffffffff
@000030c0: $ 2 <= ffffffff
@000030c4: $ 5 <= 00000000
@000030d0: $ 1 <= 00000000
@000030d4: $ 4 <= 00000000
@000030d8: $ 2 <= 00000000
@000030dc: *0000069c <= 00000000
@000030e0: *000028d4 <= fffff1df
@000030e4: $ 1 <= 0000efba
@000030e8: *000007d4 <= 00000000
@000030ec: *000000d8 <= 00000000
@000030f0: $ 4 <= 00000000
@000030f4: $ 1 <= 00000000
@000030f8: $ 5 <= 00000000
@000030fc: *00000044 <= 00000000
@00003100: $ 4 <= 00000000
@00003104: $ 3 <= fffffbdf
@00003114: $ 1 <= 00000000
@00003118: *000003a8 <= 00000000
@0000311c: $ 4 <= 00000000
@00003120: $ 4 <= 00000000
@0000312c: *00002f58 <= fffffbdf
@00003130: *0000191c <= 00000000
@00003134: *000013fc <= fffffbdf
@00003138: *00001d00 <= 00000000
@0000313c: $ 5 <= 00000000
@00003140: *000000a0 <= fffffbdf
@00003144: $ 5 <= 00000000
@00003148: $ 5 <= 00000000
@0000314c: $ 5 <= 00000000
@00003150: $ 1 <= 00000000
@00003154: *00001900 <= 00000000
@00003158: $ 3 <= 0000ba5b
@0000315c: $ 3 <= 00000000
@00003160: $ 2 <= 00000000
@00003164: $ 2 <= 00000000
@00003170: $ 1 <= 00000000
@00003174: $ 1 <= 0000a110
@0000317c: $ 3 <= 00000000
@00003180: $ 5 <= 00006663
@00003184: $ 4 <= 000025bc
@00003188: *00002220 <= 000025bc
@0000318c: $ 4 <= ffff5ef0
@00003190: $ 5 <= 00006663
@00003194: *00000088 <= 0000a110
@00003198: $ 1 <= 0000a110
@0000319c: $ 3 <= 00003aad
@000031a0: $ 5 <= 00006e7b
@000031a4: *00000670 <= 00000000
@000031a8: $ 3 <= 0000b315
@000031ac: *000010f8 <= 0000a110
@000031b0: $ 2 <= 0000b315
@000031b4: $ 1 <= 00014220
@000031b8: $ 4 <= 00000000
@000031bc: $ 4 <= 00008f0b
@000031c0: $ 1 <= 00012190
@000031c4: *00000e14 <= 00006e7b
@000031c8: *000016d4 <= 0000b315
@000031cc: $ 1 <= ffffbb66
@000031d8: $ 3 <= 00000000
@000031dc: *00001578 <= 00000000
@000031e0: *000017d8 <= 00000000
@000031e4: *00002158 <= 0000b315
@000031e8: $ 3 <= 00008f0b
@000031ec: $ 3 <= ffffbfe6
@000031f0: $ 2 <= 00000000
@000031f4: $ 1 <= fffffbe7
@000031f8: $ 5 <= 00000000
@00003204: $ 5 <= ffffbfe6
@00003208: $ 1 <= ffffbfe6
@00003210: $ 1 <= ffff7fcc
@00003214: $ 4 <= 0000401a
@00003218: $ 5 <= 0000401a
@0000321c: $ 2 <= fffeff98
@00003220: *000016a0 <= ffff7fcc
@00003224: *00000f68 <= 0000401a
@0000322c: $ 2 <= 00008034
@00003234: $ 2 <= 00000000
@00003238: $ 2 <= ffff7fcc
@0000323c: $ 4 <= ffff7fcc
@00003240: $ 4 <= 00000000
@00003244: $ 1 <= 00000000
@0000324c: $ 4 <= 00000000
@00003254: *00002a7c <= 00000000
@00003258: $ 2 <= 0000f97b
@0000325c: *0000289c <= ffffbfe6
@00003260: *00001fdc <= 0000f97b
@00003264: $ 2 <= 0000f97b
@00003268: $ 1 <= 0000a799
@00003270: $ 4 <= 00000000
@00003274: $ 5 <= 00000000
@00003278: $ 1 <= 0000e7b3
@0000327c: $ 5 <= 0001f2f6
@00003280: $ 2 <= 0000f7f3
@00003284: $ 1 <= 0001fff7
@00003288: $ 5 <= ffffbfe6
@0000328c: *0000075c <= ffffbfe6
@00003290: $ 5 <= 00004bac
@00003294: $ 1 <= fffe4bb5
@00003298: $ 3 <= 00003bbc
@0000329c: $ 5 <= fffff010
@000032a0: $ 1 <= fffe5ba5
@000032a4: $ 5 <= 0000f7f3
@000032a8: *00000b44 <= fffe5ba5
@000032ac: $ 3 <= 00003ffc
@000032b0: *00002eb0 <= 0000f7f3
@000032b4: *00002394 <= fffe5ba5
@000032b8: $ 5 <= 00000000
@000032bc: $ 2 <= fffe9ba1
@000032c0: $ 1 <= 00002852
@000032c4: $ 1 <= 0001645f
@000032c8: $ 5 <= fffe9ba1
@000032cc: *00001dc4 <= fffe9ba1
@000032d0: $ 5 <= 0001fcdf
@000032d4: $ 1 <= 00000000
@000032d8: $ 1 <= 00006214
@000032dc: $ 1 <= 00000000
@000032e0: $ 5 <= 00007253
@000032e4: *00002f94 <= 00000000
@000032e8: $ 4 <= fffe9ba1
@000032ec: $ 5 <= 00007253
@000032f0: *00002ce4 <= fffe9ba1
@000032f4: $ 2 <= fffefbf3
@000032f8: *00002200 <= 00007253
@000032fc: $ 4 <= fffe9ba1
@00003308: *00001c54 <= 00007253
@0000330c: *00001d78 <= fffefbf3
@00003310: $ 3 <= 00003ffe
@00003314: $ 5 <= 0000d704
@00003318: *00002474 <= 00000000
@0000331c: *00000fa0 <= 00003ffe
@00003320: $ 5 <= 00000000
@00003324: $ 2 <= 00000000
@00003328: *00002594 <= fffe9ba1
@0000332c: $ 5 <= 00003ffe
@00003330: $ 2 <= 00000000
@00003334: $ 3 <= 00000000
@0000333c: $ 1 <= 00000000
@00003340: $ 3 <= 00003ffe
@00003344: *00001d58 <= fffe9ba1
@00003348: *0000202c <= 00000000
@0000334c: $ 2 <= 00000000
@00003350: $ 5 <= 00007731
@00003354: $ 4 <= 000081e2
@00003358: $ 5 <= 00000000
@0000335c: $ 1 <= ffff7e1e
@00003360: *0000267c <= 000081e2
@00003364: $ 2 <= 00000000
@00003368: $ 2 <= 0000fffe
@00003370: $ 5 <= 00000000
@00003378: *00001504 <= 0000fffe
@0000337c: $ 5 <= 0000c1e0
@00003380: $ 5 <= 0000b5fe
@00003384: $ 1 <= 0000fffe
@00003388: $ 2 <= 00000000
@0000338c: $ 4 <= 00000000
@0000339c: $ 3 <= 0000fffe
@000033a8: $ 1 <= 00000000
@000033ac: *00001a94 <= 0000fffe
@000033b4: $ 2 <= 00000000
@000033b8: *0000216c <= 00000000
@000033bc: $ 3 <= 00000000
@000033c0: $ 3 <= 000013ac
@000033c4: $ 2 <= 0000ad50
@000033c8: $ 5 <= 0000955e
@000033cc: *00000554 <= 00000000
@000033d0: $ 4 <= 000013ac
@000033d4: $ 5 <= 00012abc
@000033d8: $ 2 <= 000013ac
@000033dc: *00001398 <= 000013ac
@000033e0: $ 2 <= 00000000
@000033e4: $ 1 <= 00007107
@000033e8: $ 4 <= 00000000
@000033ec: *000005e4 <= 00000000
@000033f0: $ 5 <= 00002e16
@000033f4: $ 5 <= 0000cb69
@000033f8: $ 2 <= 00000000
@000033fc: $ 5 <= 0000f7f7
@00003400: *00001a44 <= 00000000
@00003404: *000028e0 <= 000013ac
@00003408: $ 5 <= 000168fe
@0000340c: $ 4 <= 00000000
@00003410: *00001770 <= 00000000
@00003414: *000007cc <= 00000000
@00003418: $ 1 <= 00000000
@0000341c: $ 1 <= 00000000
@00003420: $ 1 <= 0000972b
@00003424: $ 5 <= 00007723
@00003428: $ 5 <= 0000972b
@0000342c: $ 1 <= 00000000
@00003430: $ 1 <= ffff68d5
@00003434: $ 4 <= 00002758
@00003438: $ 1 <= 00000000
@0000343c: *00002928 <= 000013ac
@00003440: $ 4 <= 00000000
@00003444: $ 2 <= 00000000
@0000344c: *000015bc <= 00000000
@00003450: $ 4 <= 00000000
@00003454: $ 3 <= 00000000
@00003458: *00000cf4 <= 00000000
@0000345c: $ 5 <= 0000d763
@00003460: $ 5 <= 00000000
@00003464: *000016cc <= 00000000
@0000346c: $ 3 <= 00000000
@00003470: *00002960 <= 00000000
@00003474: $ 5 <= 00000000
@00003478: $ 2 <= 00000000
@0000347c: $ 1 <= 00000000
@00003480: $ 1 <= 00000000
@00003488: $ 2 <= 0000f7b9
@0000348c: $ 4 <= 00000000
@00003490: $ 1 <= 0000f19a
@00003494: *00002774 <= 00000000
@00003498: $ 1 <= 0000f19a
@000034a0: *00000b34 <= 00000000
@000034a4: $ 1 <= 00000000
@000034a8: $ 3 <= 0000f7b9
@000034ac: $ 2 <= 00000000
@000034b0: $ 4 <= 0000f7fd
@000034b4: $ 1 <= 00000000
@000034c4: $ 3 <= 00000000
@000034c8: $ 5 <= 0000f7fd
@000034cc: $ 3 <= 0000f7ff
@000034d4: $ 2 <= 0000f7fd
@000034d8: $ 1 <= 00000000
@000034dc: $ 5 <= 0001effc
@000034e0: $ 2 <= 0000f7ff
@000034e4: *00001908 <= 0001effc
@000034e8: $ 2 <= 0000c41e
@000034ec: *000011f4 <= 00000000
@000034f4: $ 2 <= 00000000
@000034f8: $ 5 <= 00000000
@000034fc: $ 3 <= 0000ed82
@00003500: $ 4 <= 00000000
@00003504: $ 1 <= 00000000
@00003508: $ 4 <= 0000efab
@0000350c: $ 4 <= 0001dd2d
@00003510: *00001de4 <= 00000000
@00003514: $ 4 <= 00000000
@00003518: $ 3 <= 00000000
@0000351c: $ 5 <= 00000000
@00003520: $ 4 <= 0000c747
@00003524: $ 2 <= 00000000
@00003528: $ 5 <= 00000000
@0000352c: $ 4 <= 00000000
@00003530: $ 3 <= 00000000
@00003538: $ 1 <= 00000000
@0000353c: $ 3 <= 00000000
@00003540: $ 4 <= 00000000
@00003544: $ 5 <= 00000000
@00003548: $ 2 <= 00000000
@0000354c: *00002f40 <= 00000000
@00003550: *00000378 <= 00000000
@00003554: $ 5 <= 00000000
@00003558: $ 1 <= 00000000
@0000355c: $ 1 <= 00000000
@00003560: $ 4 <= 00009caf
@00003564: $ 1 <= 00001b7d
@00003568: *00001164 <= 00000000
@00003570: *000008e4 <= 00009caf
@00003574: $ 4 <= 00000000
@00003578: $ 3 <= 00007aab
@0000357c: *00000f54 <= 00001b7d
@00003584: *00001e1c <= 00000000
@00003588: $ 3 <= 00000000
@0000358c: $ 2 <= 00000000
@00003590: $ 1 <= 000040c4
@00003594: $ 3 <= ffffbf3c
@00003598: $ 3 <= 00000000
@000035a0: $ 5 <= 0000fa56
@000035a4: *00002ca8 <= 0000fa56
@000035a8: $ 1 <= 0000fbf6
@000035ac: $ 2 <= 00000000
@000035b0: $ 3 <= 00000000
@000035b4: $ 5 <= 00000000
@000035b8: $ 1 <= 00000000
@000035bc: $ 3 <= 00000000
@000035c0: $ 1 <= 00000000
@000035c4: $ 4 <= 00000000
@000035c8: $ 3 <= 00000000
@000035cc: $ 4 <= 00000000
@000035d0: $ 1 <= 00000000
@000035d4: *00000a44 <= 00000000
@000035d8: $ 5 <= 00003c19
@000035e0: *00000720 <= 00000000
@000035e4: $ 3 <= 00000000
@000035e8: $ 2 <= 00000000
@000035ec: $ 4 <= 0000a202
@000035f0: $ 1 <= 00003c19
@000035f8: $ 4 <= 00000000
@000035fc: $ 4 <= 00003c19
@00003600: $ 1 <= 00003c19
@00003604: *0000248c <= 00003c19
@00003608: $ 1 <= 00000000
@0000360c: $ 5 <= 00003c19
@00003610: $ 2 <= 00003c19
@00003618: $ 2 <= 00000000
@0000361c: $ 1 <= 00000000
@00003620: $ 1 <= 00003c19
@00003624: *00002600 <= 00000000
@00003628: $ 1 <= 00000000
@0000362c: $ 5 <= 0000bd9f
@00003634: $ 4 <= 00005fb2
@00003638: *000009cc <= 00000000
@0000363c: $ 4 <= 00000000
@00003640: $ 1 <= 00000000
@00003644: *00000a8c <= 0000bd9f
@00003648: $ 4 <= 00000000
@00003650: $ 3 <= 00000000
@00003654: $ 5 <= 00000000
@00003658: *00000088 <= 00000000
@0000365c: $ 2 <= 00000000
@00003660: $ 1 <= 00000000
@00003664: $ 1 <= 00000000
@00003668: $ 1 <= 00000000
@0000366c: *00002a08 <= 00000000
@00003670: $ 3 <= 00000000
@00003674: $ 1 <= 00000000
@00003678: $ 3 <= 0000a621
@0000367c: $ 2 <= 0000a621
@00003680: $ 5 <= 0000a621
@00003688: $ 5 <= 0000a621
@0000368c: *000012d0 <= 00000000
@00003690: $ 1 <= 0000a621
@00003694: $ 3 <= 0000ee29
@00003698: $ 4 <= 00014c42
@0000369c: $ 2 <= 0000e7eb
@000036a0: *00002b64 <= 0000e7eb
@000036a4: $ 4 <= 00018e0c
@000036a8: $ 3 <= 0000c02d
@000036ac: $ 3 <= 00000000
@000036b0: $ 5 <= 00007914
@000036b8: $ 2 <= 00000000
@000036bc: $ 3 <= 0000a621
@000036c0: $ 4 <= 00007914
@000036c8: $ 1 <= 00000000
@000036cc: $ 5 <= ffff86ec
@000036d0: $ 5 <= 00007ff6
@000036d4: *000012e4 <= 00000000
@000036d8: $ 5 <= 00000000
@000036dc: *00000d1c <= 00007914
@000036e0: $ 5 <= 00000000
@000036e4: $ 5 <= 00000000
@000036e8: $ 3 <= 00000000
@000036ec: $ 2 <= 00000000
@000036f0: $ 1 <= 000069f7
@000036f4: $ 1 <= 00000000
@000036f8: $ 5 <= 00000000
@000036fc: $ 1 <= 00008eef
@00003700: $ 5 <= 00010803
@00003704: $ 5 <= 00010803
@0000370c: $ 1 <= 00000000
@00003710: $ 4 <= 00000000
@00003714: $ 5 <= 0000e924
@00003718: $ 4 <= 0000eaf6
@0000371c: $ 1 <= 00003c2b
@00003724: $ 2 <= 00000000
@00003728: *00002f64 <= 00000000
@0000372c: *00001858 <= 00003c2b
@00003730: *00000328 <= 00003c2b
@00003734: *00002da4 <= 00000000
@00003738: $ 1 <= 0000eeff
@0000373c: $ 2 <= 0000fcb5
@00003740: *000023b0 <= 0000fcb5
@00003748: $ 1 <= 0001d41a
@0000374c: $ 5 <= 0000fbe4
@00003750: $ 5 <= 0000fcb5
@00003758: $ 3 <= 0000fcb5
@0000375c: *00001ec4 <= 0000fcb5
@00003760: *0000258c <= 0000fcb5
@00003764: *00000e30 <= 0000fcb5
@00003768: $ 2 <= 0000eaf6
@0000376c: *000016c8 <= 0000eaf6
@00003770: *00001b60 <= 0000eaf6
@00003774: $ 5 <= ffff150a
@00003778: $ 4 <= 00000000
@0000377c: $ 5 <= 0001d49f
@00003780: $ 5 <= 0000eaf6
@00003784: *0000179c <= 0000eaf6
@00003788: $ 5 <= 0001d41a
@0000378c: $ 3 <= 00000000
@00003790: $ 4 <= 0001d41a
@00003794: $ 2 <= 0002bf10
@00003798: $ 5 <= 00000000
@0000379c: $ 2 <= 000029a5
@000037a0: *00000bf0 <= 0001d41a
@000037a4: *00001e48 <= 000029a5
@000037a8: $ 2 <= 00000000
@000037b0: $ 5 <= 00000000
@000037b4: $ 2 <= 00000000
@000037b8: *000005d0 <= 00000000
@000037bc: $ 3 <= 00000000
@000037c0: $ 1 <= 00000000
@000037c4: $ 3 <= 00000000
Stopped at time : 374649555 ns : File "E:/COexcercise/p4/P4/IFU.v" Line 35
