ISim log file
Running: E:\COexcercise\p5\p5_easy\tb_isim_beh.exe -intstyle ise -gui -tclbatch isim.cmd -wdb E:/COexcercise/p5/p5_easy/tb_isim_beh.wdb 
ISim P.20131013 (signature 0x7708f090)
----------------------------------------------------------------------
WARNING:Security:42 - Your software subscription period has lapsed. Your current version of Xilinx tools will continue to function, but you no longer qualify for Xilinx software updates or new releases.


----------------------------------------------------------------------
This is a Full version of ISim.
Time resolution is 1 ps
# onerror resume
# wave add /
# run 1000 ns
Simulator is doing circuit initialization process.
Finished circuit initialization process.
@00003000: $28 <= 00000000
@00003004: $29 <= 00000000
@00003008: $ 3 <= d9cb0000
@0000300c: $11 <= 00000000
@00003010: $ 3 <= 00000000
@00003014: $31 <= 0000301c
@00003018: $11 <= 00000010
@00003020: $11 <= 0000302c
@0000302c: $ 2 <= 07b40000
@00003034: $ 3 <= 07b4302c
@0000303c: $ 3 <= 07b41511
@00003040: $ 2 <= f84c302c
@00003048: $11 <= 00000000
@0000304c: $11 <= 00000000
@00003050: $ 3 <= 0f682a22
@00003054: $ 2 <= f84c302c
@00003058: $11 <= f84c302c
@0000305c: $11 <= 00000000
@00003060: *00000008 <= 0f682a22
@00003068: $ 2 <= 07b45a4e
@00003070: $11 <= 171c8470
@00003074: $ 2 <= 171cc577
@00003078: $ 2 <= 00000000
@0000307c: *00000000 <= 0f682a22
@00003080: $ 3 <= 00000000
@00003084: $ 3 <= 0f682a22
@0000308c: $ 3 <= ae340000
@00003094: $11 <= f5820000
@0000309c: $ 2 <= 51cc0000
@000030a0: $11 <= 191f0000
@000030a4: $11 <= c7530000
@000030ac: $ 3 <= 00000000
@000030b8: $ 2 <= d6900000
@000030bc: $31 <= 000030c4
@000030c0: $ 2 <= 00000010
@000030c8: $ 2 <= 000030d4
@000030d4: $11 <= 2aea0000
@000030d8: $31 <= 000030e0
@000030dc: $ 2 <= 00000010
@000030e4: $ 2 <= 000030f0
@000030f0: $ 2 <= 00000000
@000030f4: $ 2 <= 00000000
@000030f8: $31 <= 00003100
@000030fc: $ 2 <= 00000010
@00003104: $ 2 <= 00003110
@00003110: $11 <= 00000000
@00003114: *00000000 <= 00000000
@00003118: $ 2 <= 0000f5da
@00003120: $11 <= 0000f5da
@00003128: $ 3 <= 4b2f0000
@00003130: $ 3 <= c0fe0000
@00003138: $ 2 <= 00000000
@0000313c: $ 3 <= 00000000
@00003144: $ 2 <= 00000000
@00003150: $ 2 <= 00000000
@00003154: $ 2 <= 0f682a22
@00003158: $11 <= 00000000
@0000315c: $ 2 <= 00000000
@00003164: $ 3 <= 00000791
@0000316c: $ 2 <= 00000000
@00003170: $11 <= 00000000
@00003174: $11 <= 00000000
@00003178: *00000008 <= 00000791
@00003180: $ 2 <= 00000000
@0000318c: $ 2 <= 000047c6
@00003190: $11 <= 00004035
@00003198: $11 <= 15980000
@0000319c: $11 <= 15980791
@000031a0: $ 2 <= 15982797
@000031a8: $ 3 <= 00003fbf
@000031b0: $ 2 <= 00000000
