Running: C:\Xilinx\14.7\ISE_DS\ISE\bin\nt64\unwrapped\fuse.exe -intstyle ise -incremental -lib unisims_ver -lib unimacro_ver -lib xilinxcorelib_ver -o E:/COexcercise/p6/p6/mips_txt_isim_beh.exe -prj E:/COexcercise/p6/p6/mips_txt_beh.prj work.mips_txt work.glbl 
ISim P.20131013 (signature 0x7708f090)
Number of CPUs detected in this system: 16
Turning on mult-threading, number of parallel sub-compilation jobs: 32 
Determining compilation order of HDL files
Analyzing Verilog file "E:/COexcercise/p6/p6/IM.v" into library work
Analyzing Verilog file "E:/COexcercise/p6/p6/MW_REG.v" into library work
Analyzing Verilog file "E:/COexcercise/p6/p6/IFU.v" into library work
Analyzing Verilog file "E:/COexcercise/p6/p6/GRF.v" into library work
Analyzing Verilog file "E:/COexcercise/p6/p6/FD_REG.v" into library work
Analyzing Verilog file "E:/COexcercise/p6/p6/EM_REG.v" into library work
Analyzing Verilog file "E:/COexcercise/p6/p6/DM.v" into library work
Analyzing Verilog file "E:/COexcercise/p6/p6/DE_REG.v" into library work
Analyzing Verilog file "E:/COexcercise/p6/p6/controller.v" into library work
Analyzing Verilog file "E:/COexcercise/p6/p6/ALU.v" into library work
Analyzing Verilog file "E:/COexcercise/p6/p6/mips.v" into library work
Analyzing Verilog file "E:/COexcercise/p6/p6/../../../Downloads/mips_tb.v" into library work
Analyzing Verilog file "C:/Xilinx/14.7/ISE_DS/ISE//verilog/src/glbl.v" into library work
Starting static elaboration
Completed static elaboration
Compiling module IM
Compiling module IFU
Compiling module FD_REG
Compiling module controller
Compiling module GRF
Compiling module DE_REG
Compiling module ALU
Compiling module EM_REG
Compiling module DM
Compiling module MW_REG
Compiling module mips
Compiling module mips_txt
Compiling module glbl
Time Resolution for simulation is 1ps.
Compiled 13 Verilog Units
Built simulation executable E:/COexcercise/p6/p6/mips_txt_isim_beh.exe
Fuse Memory Usage: 33972 KB
Fuse CPU Usage: 109 ms
