ISim log file
Running: E:\COexcercise\p6\p6\mips_txt_isim_beh.exe -intstyle ise -gui -tclbatch isim.cmd -wdb E:/COexcercise/p6/p6/mips_txt_isim_beh.wdb 
ISim P.20131013 (signature 0x7708f090)
----------------------------------------------------------------------
WARNING:Security:42 - Your software subscription period has lapsed. Your current version of Xilinx tools will continue to function, but you no longer qualify for Xilinx software updates or new releases.


----------------------------------------------------------------------
This is a Full version of ISim.
Time resolution is 1 ps
# onerror resume
# wave add /
# run 1000 ns
Simulator is doing circuit initialization process.
Finished circuit initialization process.
@00003000: $28 <= 00000000
@00003004: $29 <= 00000000
@00003008: $ 3 <= d9cb0000
@0000300c: $11 <= 00000000
@00003010: $ 3 <= 00000000
@00003014: $31 <= 0000301c
@00003018: $11 <= 00000010
@00003020: $11 <= 0000302c
@0000302c: $ 2 <= 07b40000
@00003034: $ 3 <= 07b4302c
@0000303c: $ 3 <= 07b41511
@00003040: $ 2 <= f84c302c
@00003048: $11 <= 00000000
@0000304c: $11 <= 00000000
@00003050: $ 3 <= 0f682a22
@00003054: $ 2 <= f84c302c
@00003058: $11 <= f84c302c
@0000305c: $11 <= 00000000
@00003060: *00000000 <= 0f682a22
@00003068: $ 2 <= 07b45a4e
@00003070: $11 <= 171c8470
@00003074: $ 2 <= 171cc577
@00003078: $ 2 <= 00000000
@0000307c: *00000000 <= 0f682a22
@00003080: $ 3 <= 00000000
@00003084: $ 3 <= 0f682a22
@0000308c: $ 3 <= ae340000
@00003094: $11 <= f5820000
@0000309c: $ 2 <= 51cc0000
@000030a0: $11 <= 191f0000
@000030a4: $11 <= c7530000
@000030ac: $ 3 <= 00000000
@000030b8: $ 2 <= d6900000
@000030bc: $31 <= 000030c4
@000030c0: $ 2 <= 00000010
@000030c8: $ 2 <= 000030d4
@000030d4: $11 <= 2aea0000
@000030d8: $31 <= 000030e0
@000030dc: $ 2 <= 00000010
@000030e4: $ 2 <= 000030f0
@000030f0: $ 2 <= 00000000
@000030f4: $ 2 <= 0f682a22
@000030f8: $31 <= 00003100
@000030fc: $ 2 <= 00000010
@00003104: $ 2 <= 00003110
@00003110: $11 <= 00000000
@00003114: *00000000 <= 00000000
@00003118: $ 2 <= 0000f5da
@00003120: $11 <= 0000f5da
@00003128: $ 3 <= 4b2f0000
@00003130: $ 3 <= c0fe0000
@00003138: $ 2 <= 00000000
@0000313c: $ 3 <= 00000000
@00003144: $ 2 <= 00000000
@00003150: $ 2 <= 00000000
@00003154: $ 2 <= 00000000
@00003158: $11 <= 00000000
@0000315c: $ 2 <= 00000000
@00003164: $ 3 <= 00000791
@0000316c: $ 2 <= 00000000
@00003170: $11 <= 00000000
@00003174: $11 <= 00000000
@00003178: *00000000 <= 00000791
@00003180: $ 2 <= 00000000
@0000318c: $ 2 <= 000047c6
@00003190: $11 <= 00004035
@00003198: $11 <= 15980000
@0000319c: $11 <= 15980791
@000031a0: $ 2 <= 15982797
@000031a8: $ 3 <= 00003fbf
@000031b0: $ 2 <= 00000000
@000031b4: $11 <= 00000791
@000031b8: $ 2 <= 00000000
@000031bc: $ 2 <= 00000791
@000031c0: $11 <= e7b80000
@000031c8: $ 3 <= 0000ffff
@000031d0: $ 3 <= 0000ffff
@000031d4: $31 <= 000031dc
@000031d8: $ 2 <= 00000010
@000031e0: $ 2 <= 000031ec
@000031ec: $ 3 <= 000035ee
@000031f0: $ 3 <= e7b806a2
@000031f4: $11 <= e7b8e4c7
@000031f8: $ 2 <= 00000000
@000031fc: $ 2 <= 00000791
@00003200: $ 3 <= e7b80e33
@00003204: $11 <= 00000000
@00003208: *00000000 <= 00000000
@0000320c: $11 <= e7b806a2
@00003210: $ 2 <= 1847f95e
@00003218: $ 2 <= e7b89e77
@0000321c: $ 2 <= 00000000
@00003220: $11 <= 00000000
@00003224: $ 2 <= 21250000
@00003228: $ 2 <= e7b80e33
@0000322c: $ 3 <= 0000e0a4
@00003230: $11 <= 0000707b
@00003234: $ 2 <= 00000000
@00003238: *00000000 <= 0000e0a4
@0000323c: $ 2 <= 00000000
@00003240: $11 <= 0000fe7b
@00003248: $ 3 <= 0001fcf6
@0000324c: $11 <= 0003f9ec
@00003250: $ 3 <= 00000000
@00003254: $11 <= 0000e0a4
@00003258: $11 <= 00000000
@00003260: $ 2 <= 00000000
@00003268: $ 3 <= 00000000
@0000326c: $ 3 <= 0000e0a4
@00003270: $11 <= 00000000
@00003274: *00000000 <= 00000000
@0000327c: $11 <= 0001c148
@00003288: $ 2 <= 00000000
@0000328c: *00000000 <= 0001c148
@00003290: $ 3 <= 0001c148
@00003294: $31 <= 0000329c
@00003298: $ 2 <= 00000010
@000032a0: $ 2 <= 000032ac
@000032ac: $31 <= 000032b4
@000032b0: $11 <= 00000010
@000032b8: $11 <= 000032c4
@000032c8: $ 2 <= 00018e9c
@000032d0: $11 <= 00000000
@000032d4: *00000000 <= 00000000
@000032d8: $11 <= 00000000
@000032dc: $11 <= 00000000
@000032e0: $ 2 <= 00000000
@000032e4: $ 2 <= 00000000
@000032e8: $ 2 <= 00000000
@000032ec: *00000000 <= 00000000
@000032f0: $11 <= 00007b99
@000032f4: $ 2 <= 00000000
@000032f8: *00000000 <= 00007b99
@000032fc: $ 2 <= 00000000
@00003300: $ 2 <= 00007b99
@00003304: $ 3 <= 00000000
@00003308: $11 <= 00007b99
@00003310: $ 2 <= 00007b99
@0000331c: $ 2 <= 00007b99
@00003320: $ 2 <= 12250000
@00003324: $11 <= 00000000
@00003328: $ 2 <= 00007b99
@0000332c: $ 3 <= 00000000
@00003330: $ 3 <= 00007b99
@00003334: $11 <= 00007bdd
@00003338: $ 2 <= 0000ff99
@0000333c: $31 <= 00003344
@00003340: $ 3 <= 00000010
@00003348: $ 3 <= 00003354
@00003354: $11 <= 0001ff32
@00003358: $11 <= 0000bb76
@0000335c: $ 2 <= ffff33bb
@00003360: $ 2 <= 00008822
@00003364: $11 <= 00000000
@00003368: $ 2 <= 0000b3dd
@0000336c: $ 3 <= 00003354
@00003370: $ 3 <= 0000ffdf
@00003374: $11 <= 11fa0000
@0000337c: $ 2 <= e3e50000
@00003388: $ 3 <= 00000000
@0000338c: $11 <= 00007b99
@00003394: $ 2 <= 00000000
@000033a0: $ 3 <= 00002ba4
@000033a4: $ 2 <= 0000f99f
@000033a8: $11 <= 00000000
@000033ac: $11 <= 36500000
@000033b0: $31 <= 000033b8
@000033b4: $ 3 <= 00000010
@000033bc: $ 3 <= 000033c8
@000033c8: $ 3 <= 00000000
@000033cc: *00000000 <= 00000000
@000033d4: $ 3 <= d2900000
@000033d8: $ 3 <= 364f0661
@000033dc: $11 <= b6840000
@000033e4: $11 <= b684d31f
@000033ec: $11 <= 00000000
@000033f0: *00000000 <= 0000f99f
@000033f8: $ 3 <= ec460000
@000033fc: $11 <= 00000000
@00003400: *00000000 <= ec460000
@00003404: $11 <= 7efe0000
@00003408: $ 3 <= 4b620000
@0000340c: $ 3 <= 527c0000
# restart
# run all
Simulator is doing circuit initialization process.
Finished circuit initialization process.
@00003000: $28 <= 00000000
@00003004: $29 <= 00000000
@00003008: $ 3 <= d9cb0000
@0000300c: $11 <= 00000000
@00003010: $ 3 <= 00000000
@00003014: $31 <= 0000301c
@00003018: $11 <= 00000010
@00003020: $11 <= 0000302c
@0000302c: $ 2 <= 07b40000
@00003034: $ 3 <= 07b4302c
@0000303c: $ 3 <= 07b41511
@00003040: $ 2 <= f84c302c
@00003048: $11 <= 00000000
@0000304c: $11 <= 00000000
@00003050: $ 3 <= 0f682a22
@00003054: $ 2 <= f84c302c
@00003058: $11 <= f84c302c
@0000305c: $11 <= 00000000
@00003060: *00000000 <= 0f682a22
@00003068: $ 2 <= 07b45a4e
@00003070: $11 <= 171c8470
@00003074: $ 2 <= 171cc577
@00003078: $ 2 <= 00000000
@0000307c: *00000000 <= 0f682a22
@00003080: $ 3 <= 00000000
@00003084: $ 3 <= 0f682a22
@0000308c: $ 3 <= ae340000
@00003094: $11 <= f5820000
@0000309c: $ 2 <= 51cc0000
@000030a0: $11 <= 191f0000
@000030a4: $11 <= c7530000
@000030ac: $ 3 <= 00000000
@000030b8: $ 2 <= d6900000
@000030bc: $31 <= 000030c4
@000030c0: $ 2 <= 00000010
@000030c8: $ 2 <= 000030d4
@000030d4: $11 <= 2aea0000
@000030d8: $31 <= 000030e0
@000030dc: $ 2 <= 00000010
@000030e4: $ 2 <= 000030f0
@000030f0: $ 2 <= 00000000
@000030f4: $ 2 <= 0f682a22
@000030f8: $31 <= 00003100
@000030fc: $ 2 <= 00000010
@00003104: $ 2 <= 00003110
@00003110: $11 <= 00000000
@00003114: *00000000 <= 00000000
@00003118: $ 2 <= 0000f5da
@00003120: $11 <= 0000f5da
@00003128: $ 3 <= 4b2f0000
@00003130: $ 3 <= c0fe0000
@00003138: $ 2 <= 00000000
@0000313c: $ 3 <= 00000000
@00003144: $ 2 <= 00000000
@00003150: $ 2 <= 00000000
@00003154: $ 2 <= 00000000
@00003158: $11 <= 00000000
@0000315c: $ 2 <= 00000000
@00003164: $ 3 <= 00000791
@0000316c: $ 2 <= 00000000
@00003170: $11 <= 00000000
@00003174: $11 <= 00000000
@00003178: *00000000 <= 00000791
@00003180: $ 2 <= 00000000
@0000318c: $ 2 <= 000047c6
@00003190: $11 <= 00004035
@00003198: $11 <= 15980000
@0000319c: $11 <= 15980791
@000031a0: $ 2 <= 15982797
@000031a8: $ 3 <= 00003fbf
@000031b0: $ 2 <= 00000000
@000031b4: $11 <= 00000791
@000031b8: $ 2 <= 00000000
@000031bc: $ 2 <= 00000791
@000031c0: $11 <= e7b80000
@000031c8: $ 3 <= 0000ffff
@000031d0: $ 3 <= 0000ffff
@000031d4: $31 <= 000031dc
@000031d8: $ 2 <= 00000010
@000031e0: $ 2 <= 000031ec
@000031ec: $ 3 <= 000035ee
@000031f0: $ 3 <= e7b806a2
@000031f4: $11 <= e7b8e4c7
@000031f8: $ 2 <= 00000000
@000031fc: $ 2 <= 00000791
@00003200: $ 3 <= e7b80e33
@00003204: $11 <= 00000000
@00003208: *00000000 <= 00000000
@0000320c: $11 <= e7b806a2
@00003210: $ 2 <= 1847f95e
@00003218: $ 2 <= e7b89e77
@0000321c: $ 2 <= 00000000
@00003220: $11 <= 00000000
@00003224: $ 2 <= 21250000
@00003228: $ 2 <= e7b80e33
@0000322c: $ 3 <= 0000e0a4
@00003230: $11 <= 0000707b
@00003234: $ 2 <= 00000000
@00003238: *00000000 <= 0000e0a4
@0000323c: $ 2 <= 00000000
@00003240: $11 <= 0000fe7b
@00003248: $ 3 <= 0001fcf6
@0000324c: $11 <= 0003f9ec
@00003250: $ 3 <= 00000000
@00003254: $11 <= 0000e0a4
@00003258: $11 <= 00000000
@00003260: $ 2 <= 00000000
@00003268: $ 3 <= 00000000
@0000326c: $ 3 <= 0000e0a4
@00003270: $11 <= 00000000
@00003274: *00000000 <= 00000000
@0000327c: $11 <= 0001c148
@00003288: $ 2 <= 00000000
@0000328c: *00000000 <= 0001c148
@00003290: $ 3 <= 0001c148
@00003294: $31 <= 0000329c
@00003298: $ 2 <= 00000010
@000032a0: $ 2 <= 000032ac
@000032ac: $31 <= 000032b4
@000032b0: $11 <= 00000010
@000032b8: $11 <= 000032c4
@000032c8: $ 2 <= 00018e9c
@000032d0: $11 <= 00000000
@000032d4: *00000000 <= 00000000
@000032d8: $11 <= 00000000
@000032dc: $11 <= 00000000
@000032e0: $ 2 <= 00000000
@000032e4: $ 2 <= 00000000
@000032e8: $ 2 <= 00000000
@000032ec: *00000000 <= 00000000
@000032f0: $11 <= 00007b99
@000032f4: $ 2 <= 00000000
@000032f8: *00000000 <= 00007b99
@000032fc: $ 2 <= 00000000
@00003300: $ 2 <= 00007b99
@00003304: $ 3 <= 00000000
@00003308: $11 <= 00007b99
@00003310: $ 2 <= 00007b99
@0000331c: $ 2 <= 00007b99
@00003320: $ 2 <= 12250000
@00003324: $11 <= 00000000
@00003328: $ 2 <= 00007b99
@0000332c: $ 3 <= 00000000
@00003330: $ 3 <= 00007b99
@00003334: $11 <= 00007bdd
@00003338: $ 2 <= 0000ff99
@0000333c: $31 <= 00003344
@00003340: $ 3 <= 00000010
@00003348: $ 3 <= 00003354
@00003354: $11 <= 0001ff32
@00003358: $11 <= 0000bb76
@0000335c: $ 2 <= ffff33bb
@00003360: $ 2 <= 00008822
@00003364: $11 <= 00000000
@00003368: $ 2 <= 0000b3dd
@0000336c: $ 3 <= 00003354
@00003370: $ 3 <= 0000ffdf
@00003374: $11 <= 11fa0000
@0000337c: $ 2 <= e3e50000
@00003388: $ 3 <= 00000000
@0000338c: $11 <= 00007b99
@00003394: $ 2 <= 00000000
@000033a0: $ 3 <= 00002ba4
@000033a4: $ 2 <= 0000f99f
@000033a8: $11 <= 00000000
@000033ac: $11 <= 36500000
@000033b0: $31 <= 000033b8
@000033b4: $ 3 <= 00000010
@000033bc: $ 3 <= 000033c8
@000033c8: $ 3 <= 00000000
@000033cc: *00000000 <= 00000000
@000033d4: $ 3 <= d2900000
@000033d8: $ 3 <= 364f0661
@000033dc: $11 <= b6840000
@000033e4: $11 <= b684d31f
@000033ec: $11 <= 00000000
@000033f0: *00000000 <= 0000f99f
@000033f8: $ 3 <= ec460000
@000033fc: $11 <= 00000000
@00003400: *00000000 <= ec460000
@00003404: $11 <= 7efe0000
@00003408: $ 3 <= 4b620000
@0000340c: $ 3 <= 527c0000
@00003414: $11 <= a4f80000
@0000341c: $ 3 <= a4f8f99f
@00003420: $11 <= 00000000
@00003424: $11 <= ec460000
@00003428: $ 2 <= a4f8ff9f
@0000342c: $31 <= 00003434
@00003430: $11 <= 00000010
@00003438: $11 <= 00003444
@00003444: $31 <= 0000344c
@00003448: $ 2 <= 00000010
@00003450: $ 2 <= 0000345c
@0000345c: $11 <= 000068a0
@00003460: $11 <= 00000000
@00003464: $ 2 <= ec460000
@00003468: $ 2 <= 00000000
@0000346c: $11 <= ec460000
@00003470: $ 2 <= b8b2f99f
@00003474: $11 <= 00000000
@00003478: $31 <= 00003480
@0000347c: $11 <= 00000010
@00003484: $11 <= 00003490
@00003490: $ 2 <= ce390000
@00003494: $11 <= 00000000
@00003498: $ 2 <= ec460000
@0000349c: $11 <= 00000000
@000034a0: $ 3 <= 00000000
@000034a4: $ 2 <= ec460000
@000034a8: $ 2 <= 00000000
@000034ac: *00000000 <= 00000000
@000034b0: $ 2 <= 00000000
@000034b4: $ 2 <= 00000000
@000034b8: $11 <= 00000000
@000034bc: *00000000 <= 00000000
@000034c0: $ 3 <= 4dbe0000
@000034c4: $ 2 <= 00000000
@000034c8: *00000000 <= 4dbe0000
@000034cc: $11 <= 0000e35e
@000034d0: $11 <= 00000000
@000034d4: $ 3 <= 4dbe0000
@000034d8: $ 3 <= 00000000
@000034dc: $ 3 <= 4dbe0000
@000034e0: $ 2 <= 00000000
@000034e4: $ 2 <= 00000000
@000034e8: *00000000 <= 4dbe0000
@000034ec: $11 <= 00000000
@000034f0: $11 <= e96a0000
@000034f4: $11 <= 64540000
@000034f8: $31 <= 00003500
@000034fc: $ 3 <= 00000010
@00003504: $ 3 <= 00003510
@00003510: $11 <= 00007955
@00003514: $31 <= 0000351c
@00003518: $ 2 <= 00000010
@00003520: $ 2 <= 0000352c
@0000352c: $ 3 <= 00006a20
@00003534: $ 2 <= 00007b7f
@00003538: $ 3 <= 00000f35
@0000353c: $ 3 <= 15cb0000
@00003544: $ 2 <= 091f0000
@00003548: $ 2 <= 091f7955
@0000354c: $11 <= 15cb7955
@00003554: $ 2 <= f3547955
@0000355c: $11 <= 2b960000
@00003560: $ 3 <= 384186ab
@00003568: $ 2 <= 88960000
@00003570: $ 3 <= 63d786ab
@00003574: $ 2 <= a3000000
@00003578: $ 3 <= 10f10000
@0000357c: $11 <= 1e510000
@00003584: $ 2 <= 7b510000
@00003588: $ 2 <= 00000000
@0000358c: $11 <= 4dbe0000
@00003590: $ 3 <= 725e0000
@00003594: $11 <= 725e0000
@00003598: $ 3 <= 725e0000
@0000359c: $ 3 <= df2c0000
@000035a4: $11 <= 00000000
@000035ac: $ 3 <= fa690000
@000035b0: $31 <= 000035b8
@000035b4: $ 2 <= 00000010
@000035bc: $ 2 <= 000035c8
@000035c8: $31 <= 000035d0
@000035cc: $ 2 <= 00000010
@000035d4: $ 2 <= 000035e0
@000035e0: $11 <= fa697fcb
@000035e4: $11 <= 45130000
@000035e8: $ 2 <= 4513c8ca
@000035ec: $11 <= 00000000
@000035f0: $ 3 <= 4dbe0000
@000035f4: $31 <= 000035fc
@000035f8: $11 <= 00000010
@00003600: $11 <= 0000360c
@0000360c: $ 3 <= 92d1c8ca
@00003610: $ 3 <= 92d192be
@00003614: $11 <= 00000000
@00003618: *00000000 <= 00000000
@0000361c: $11 <= 00000000
@00003620: *00000000 <= 4513c8ca
@00003624: $ 3 <= 92d80000
@00003628: $11 <= d7ebc8ca
@00003630: $ 2 <= d7ebc8ca
@0000363c: $ 3 <= afd79194
@00003644: $ 3 <= 00000000
@00003650: $11 <= 00000000
@00003654: $ 3 <= 4513c8ca
@00003658: $ 3 <= d6090000
@00003660: $ 3 <= d7ebc8ca
@00003668: $11 <= 24c70000
@00003670: $11 <= 00000000
@00003678: $ 2 <= 00000000
@0000367c: $11 <= 4513c8ca
@00003680: $31 <= 00003688
@00003684: $11 <= 00000010
@0000368c: $11 <= 00003698
@0000369c: $ 3 <= 00000000
@000036ac: $ 2 <= 00000000
@000036b0: $ 3 <= 4513c8ca
@000036b8: $11 <= 4513dffa
@000036bc: $11 <= 000033b9
@000036c0: $ 2 <= 00000000
@000036c4: *00000000 <= 000033b9
@000036c8: $11 <= 00000000
@000036cc: *00000000 <= 00000000
@000036d0: $11 <= 4513cede
@000036d4: $11 <= 7b430000
@000036d8: $11 <= 00000000
@000036dc: *00000000 <= 00000000
@000036e4: $ 3 <= 00000000
@000036f0: $ 3 <= 00000000
@000036f4: $31 <= 000036fc
@000036f8: $ 3 <= 00000010
@00003700: $ 3 <= 0000370c
@00003710: $ 2 <= 0000b4ec
@00003714: $ 2 <= 0000ebf8
@00003718: $11 <= 5d530000
@00003720: $11 <= 00000000
@0000372c: $ 3 <= 0000ebf8
@00003734: $11 <= 528d0000
@0000373c: $11 <= 1b500000
@00003740: $ 2 <= 00000000
@00003744: $11 <= 00000000
@00003748: $ 3 <= 84c10000
@0000374c: $ 2 <= 13ee0000
@00003750: $11 <= 84c10000
@00003758: $ 2 <= 84c1d02a
@00003760: $ 3 <= 09820000
@00003768: $ 3 <= 00000000
@00003770: $ 2 <= 0983a054
@00003774: $31 <= 0000377c
@00003778: $ 3 <= 00000010
@00003780: $ 3 <= 0000378c
@0000378c: $ 3 <= 0983bc7f
@00003790: $ 2 <= 13075cd3
@00003794: $11 <= 00000000
@00003798: $ 2 <= 00000000
@0000379c: $11 <= f67c4381
@000037a0: $ 2 <= 0983bc7f
@000037a4: $ 2 <= 00000000
@000037a8: $11 <= 00000000
@000037ac: *00000000 <= 00000000
@000037b0: $ 2 <= 00000000
@000037b4: $11 <= 00000000
@000037b8: $ 2 <= 8b750000
@000037bc: $11 <= c75a0000
@000037c4: $ 3 <= 186d0000
@000037cc: $11 <= a3e20000
@000037d4: $11 <= 00000000
@000037e4: $11 <= a3e20000
@000037e8: $11 <= a91f0000
@000037ec: $ 2 <= 00000000
@000037f0: $31 <= 000037f8
@000037f4: $11 <= 00000010
@000037fc: $11 <= 00003808
@0000380c: $ 3 <= 186d9ecc
@00003810: $ 3 <= 05210000
@00003814: $ 3 <= 05213808
@00003818: $11 <= f9940000
@00003820: $ 3 <= 00000000
@00003828: $11 <= 00000000
@0000382c: $11 <= 00000000
@00003830: *00000000 <= 00000000
@00003834: $ 3 <= 0000f54f
@0000383c: $11 <= 00000000
@00003844: $11 <= 00000000
@00003848: *00000000 <= 0000f54f
@00003850: $ 2 <= 00000000
@00003854: *00000000 <= 0000f54f
@00003858: $ 3 <= 0000f54f
@0000385c: $11 <= 00000000
@00003860: $ 3 <= 0000f54f
@00003864: $11 <= 0000f54f
@00003868: $ 3 <= 59cc0000
@0000386c: $ 2 <= 0e6e0000
@00003870: $ 2 <= 0e6ef54f
@00003878: $ 3 <= 00000000
@0000387c: *00000000 <= 00000000
@00003880: $ 3 <= 0e6e0000
@00003884: $ 2 <= 0e6ef77f
@00003888: $ 2 <= 00000000
@0000388c: *00000000 <= 0e6e0000
@00003890: $ 3 <= 0000c384
@00003894: $ 2 <= 0000c384
@00003898: $ 2 <= 00000000
@0000389c: $11 <= 0e6e0000
@000038a4: $ 2 <= a6a10000
@000038ac: $11 <= 00000000
@000038b0: *00000000 <= 0000c384
@000038b4: $ 3 <= 00000000
@000038b8: *00000000 <= 00000000
@000038bc: $11 <= 15200000
@000038c0: $31 <= 000038c8
@000038c4: $ 2 <= 00000010
@000038cc: $ 2 <= 000038d8
@000038dc: $11 <= 000071b0
@000038e8: $ 3 <= ec440000
@000038ec: $ 2 <= ec44f5b5
@000038f0: $11 <= 00000000
@000038f4: $31 <= 000038fc
@000038f8: $ 2 <= 00000010
@00003900: $ 2 <= 0000390c
@0000390c: $ 2 <= 00002ef2
@00003910: $11 <= 00000000
@00003914: $ 2 <= 00000000
@00003918: $ 2 <= ec440000
@0000391c: $ 3 <= 00000000
@00003920: *00000000 <= 00000000
@00003928: $ 3 <= 00000000
@00003934: $ 3 <= ec440000
@0000393c: $ 2 <= ec440000
@00003944: $ 3 <= d8880000
@0000394c: $11 <= 85d50000
@00003958: $ 2 <= ec4426bc
@0000395c: $ 2 <= 00000000
@00003960: *00000000 <= 85d50000
@00003964: $11 <= 7a2b0000
@00003968: $11 <= 00000000
@0000396c: $ 2 <= 85d50000
@00003970: $ 3 <= 00000000
@00003974: $ 2 <= 85d50000
@00003978: $11 <= 00000000
@0000397c: $ 3 <= 00000000
@00003980: $11 <= 85d50000
@00003988: $ 2 <= 00000000
@00003994: $ 3 <= 00000000
@00003998: $ 3 <= 85d50000
@0000399c: $31 <= 000039a4
@000039a0: $ 2 <= 00000010
@000039a8: $ 2 <= 000039b4
@000039b8: $ 2 <= 00000000
@000039c4: $11 <= 0000ff78
@000039cc: $ 3 <= 43220000
@000039d8: $11 <= 00000000
@000039dc: $11 <= 85d50000
@000039e0: $11 <= 85d50000
@000039e4: $ 2 <= 85d50000
@000039e8: $31 <= 000039f0
@000039ec: $ 2 <= 00000010
@000039f4: $ 2 <= 00003a00
@00003a00: $11 <= 86440000
@00003a04: $11 <= 00003a02
@00003a08: $ 3 <= 00000000
@00003a0c: *00000000 <= 00003a00
@00003a14: $ 3 <= a9140000
@00003a18: $ 2 <= 00000000
@00003a1c: *00000000 <= 00003a02
@00003a20: $ 2 <= a914437e
@00003a24: $11 <= a9147d80
@00003a28: $ 2 <= 00000000
@00003a2c: *00000000 <= a9140000
@00003a30: $ 2 <= 00000000
@00003a34: *00000000 <= 00000000
@00003a38: $ 3 <= a9140000
@00003a40: $11 <= 00000000
@00003a44: *00000000 <= a9140000
@00003a48: $11 <= 00000000
@00003a4c: $11 <= a9140000
@00003a50: $ 2 <= 00000000
@00003a54: $11 <= a9140000
@00003a58: $ 3 <= 52280000
@00003a5c: $ 2 <= 52280000
@00003a60: $ 2 <= 00000000
@00003a64: $ 3 <= 00000000
@00003a68: $31 <= 00003a70
@00003a6c: $ 2 <= 00000010
@00003a74: $ 2 <= 00003a80
@00003a80: $11 <= 00000000
@00003a88: $11 <= 0000fe86
@00003a90: $ 2 <= 95480000
@00003a94: $ 2 <= 83ab0000
@00003a98: $ 3 <= 00000000
@00003a9c: $31 <= 00003aa4
@00003aa0: $11 <= 00000010
@00003aa8: $11 <= 00003ab4
@00003ab4: $ 2 <= 00000000
@00003ab8: *00000000 <= 00000000
@00003abc: $11 <= ffffc54c
@00003ac0: $31 <= 00003ac8
@00003ac4: $11 <= 00000010
@00003acc: $11 <= 00003ad8
@00003ad8: $ 2 <= ed000000
@00003ae0: $11 <= 00000000
@00003aec: $11 <= 00000000
@00003af4: $ 2 <= c0320000
@00003afc: $11 <= ac020000
@00003b00: $ 3 <= c0320000
@00003b04: $11 <= 00000000
@00003b08: *00000000 <= 00000000
@00003b10: $ 2 <= 00000000
@00003b20: $11 <= 00000000
@00003b24: *00000000 <= 00000000
@00003b28: $31 <= 00003b30
@00003b2c: $ 2 <= 00000010
@00003b34: $ 2 <= 00003b40
@00003b40: $31 <= 00003b48
@00003b44: $ 2 <= 00000010
@00003b4c: $ 2 <= 00003b58
@00003b58: $11 <= 00000000
@00003b5c: $ 2 <= 00000000
@00003b60: $ 3 <= 00000000
@00003b64: $11 <= 00000000
@00003b68: $ 3 <= 00000000
@00003b6c: $ 2 <= 00000000
@00003b70: $ 3 <= 00000000
@00003b74: $11 <= 00000000
@00003b7c: $ 2 <= 00000000
@00003b84: $ 3 <= 00000000
@00003b88: $11 <= 00000000
@00003b8c: $ 2 <= 00000000
@00003b90: $ 3 <= 00000000
@00003b94: $11 <= 0000bb9a
@00003b98: $ 2 <= 00000000
@00003b9c: $31 <= 00003ba4
@00003ba0: $11 <= 00000010
@00003ba8: $11 <= 00003bb4
@00003bb4: $ 2 <= 00000000
@00003bb8: *00000000 <= 00000000
@00003bbc: $11 <= 00000000
@00003bc0: *00000000 <= 00000000
@00003bc4: $ 3 <= e3440000
@00003bcc: $ 2 <= 00000000
@00003bd4: $ 2 <= 00000000
@00003bd8: $11 <= 00000000
@00003bdc: $ 2 <= 00000000
@00003be0: $ 3 <= 00000000
@00003be4: $ 3 <= 00000000
@00003bec: $11 <= 00005965
@00003bf4: $11 <= 0000dbff
@00003bfc: $ 3 <= 46ec0000
@00003c04: $ 2 <= 8dd80000
@00003c08: $11 <= 00000000
@00003c0c: *00000000 <= 00000000
@00003c10: $ 3 <= dbcb0000
@00003c14: $ 2 <= 8dd83239
@00003c1c: $11 <= 1bb06472
@00003c24: $ 2 <= 7227cdc7
@00003c28: $31 <= 00003c30
@00003c2c: $11 <= 00000010
@00003c34: $11 <= 00003c40
@00003c40: $ 3 <= 2f3d0000
@00003c44: $11 <= 00000000
@00003c48: $ 2 <= 2f3d0000
@00003c4c: $ 2 <= 17250000
@00003c50: $ 2 <= 00000000
@00003c54: *00000000 <= 00000000
@00003c58: $11 <= 69490000
@00003c5c: $ 3 <= 00000000
@00003c60: $ 2 <= 00000000
@00003c64: $11 <= 00000000
@00003c68: $ 3 <= 00000000
@00003c70: $11 <= 00000000
@00003c7c: $ 3 <= 0000c315
@00003c80: $ 3 <= 0000ef95
@00003c84: $ 2 <= 56050000
@00003c8c: $ 3 <= 0000ef95
@00003c94: $ 3 <= 00000000
@00003c98: $ 3 <= 00000000
@00003c9c: *00000000 <= 00000000
@00003ca0: $31 <= 00003ca8
@00003ca4: $11 <= 00000010
@00003cac: $11 <= 00003cb8
@00003cb8: $ 3 <= 00000000
@00003cbc: $ 2 <= 00000000
@00003cc0: $11 <= 00000000
@00003cc4: $ 3 <= 00000000
@00003cc8: $ 2 <= 00000000
@00003ccc: $31 <= 00003cd4
@00003cd0: $11 <= 00000010
@00003cd8: $11 <= 00003ce4
@00003ce4: $31 <= 00003cec
@00003ce8: $ 3 <= 00000010
@00003cf0: $ 3 <= 00003cfc
@00003d00: $ 2 <= 00000000
@00003d04: $ 3 <= 00000000
@00003d08: $ 3 <= 00007ce7
@00003d0c: $ 3 <= 00000000
@00003d10: $31 <= 00003d18
@00003d14: $ 2 <= 00000010
@00003d1c: $ 2 <= 00003d28
@00003d28: $11 <= 00000000
@00003d2c: $ 3 <= 00000000
@00003d30: $ 2 <= 00003de9
@00003d34: $ 3 <= 00003de9
@00003d38: $11 <= 14550000
@00003d3c: $31 <= 00003d44
@00003d40: $ 3 <= 00000010
@00003d48: $ 3 <= 00003d54
@00003d54: $11 <= 4fc90000
@00003d58: $11 <= 00000000
@00003d5c: $ 3 <= 00000000
@00003d64: $ 3 <= 00003de9
@00003d6c: $11 <= 0000bded
@00003d74: $ 2 <= 00007bd2
@00003d78: $ 3 <= 00007ded
@00003d7c: $ 2 <= 00000000
@00003d80: $ 3 <= 00000000
@00003d84: $31 <= 00003d8c
@00003d88: $11 <= 00000010
@00003d90: $11 <= 00003d9c
@00003d9c: $ 3 <= 00000000
@00003da0: *00000000 <= 00000000
@00003da4: $11 <= 00003d9c
@00003da8: $11 <= 00000000
@00003dac: $11 <= 00000000
@00003db4: $ 3 <= 00000000
@00003dc0: $ 2 <= beca0000
@00003dc8: $ 2 <= 00000000
@00003dd4: $ 2 <= 00000000
@00003ddc: $11 <= 00000000
@00003de4: $ 2 <= 00000000
@00003de8: $ 2 <= 00000000
@00003dec: $31 <= 00003df4
@00003df0: $ 3 <= 00000010
@00003df8: $ 3 <= 00003e04
@00003e04: $11 <= 82880000
@00003e08: $ 2 <= 00000000
@00003e0c: *00000000 <= 00003e04
@00003e10: $11 <= 00003f6d
@00003e14: $ 2 <= 00000000
@00003e18: $11 <= ffffc1fc
@00003e20: $ 3 <= 0000feed
@00003e24: $ 2 <= ffffc1fc
@00003e28: $11 <= ffff83f8
@00003e2c: $ 3 <= 85a60000
@00003e30: $ 2 <= 00000000
@00003e34: $11 <= 00003e04
@00003e38: $ 3 <= 85a60000
@00003e3c: $ 3 <= 85a63e04
@00003e40: $11 <= 44140000
@00003e48: $ 3 <= 00000000
@00003e54: $ 2 <= 00000000
@00003e58: *00000000 <= 44140000
@00003e5c: $11 <= 00000000
@00003e60: *00000000 <= 00000000
@00003e64: $ 3 <= 000090ad
@00003e68: $ 3 <= 00000000
@00003e6c: *00000000 <= 00000000
@00003e70: $ 3 <= 00000000
@00003e74: $ 3 <= 00000000
@00003e7c: $ 2 <= 00000000
@00003e88: $ 3 <= d7fc0000
@00003e8c: $ 3 <= aff80000
@00003e90: $ 3 <= 00000000
@00003e94: $11 <= 00000000
@00003e98: $31 <= 00003ea0
@00003e9c: $ 3 <= 00000010
@00003ea4: $ 3 <= 00003eb0
@00003eb4: $ 2 <= 00000000
@00003ec4: $11 <= 00000000
@00003ec8: *00000000 <= 00000000
Stopped at time : 751168 ns : File "E:/COexcercise/p6/p6/GRF.v" Line 15
